{"C:\\Users\\kvu61\\Documents\\Coding\\discord\\hearts-game\\packages\\server\\dist\\game.config.js": {"path":"C:\\Users\\kvu61\\Documents\\Coding\\discord\\hearts-game\\packages\\server\\dist\\game.config.js","all":false,"statementMap":{"0":{"start":{"line":1,"column":0},"end":{"line":1,"column":13}},"1":{"start":{"line":2,"column":0},"end":{"line":2,"column":62}},"2":{"start":{"line":3,"column":0},"end":{"line":3,"column":19}},"3":{"start":{"line":4,"column":0},"end":{"line":4,"column":18}},"4":{"start":{"line":5,"column":0},"end":{"line":5,"column":20}},"5":{"start":{"line":6,"column":0},"end":{"line":6,"column":25}},"6":{"start":{"line":7,"column":0},"end":{"line":7,"column":29}},"7":{"start":{"line":8,"column":0},"end":{"line":8,"column":29}},"8":{"start":{"line":9,"column":0},"end":{"line":9,"column":32}},"9":{"start":{"line":10,"column":0},"end":{"line":10,"column":32}},"10":{"start":{"line":11,"column":0},"end":{"line":11,"column":26}},"11":{"start":{"line":12,"column":0},"end":{"line":12,"column":28}},"12":{"start":{"line":13,"column":0},"end":{"line":13,"column":32}},"13":{"start":{"line":14,"column":0},"end":{"line":14,"column":33}},"14":{"start":{"line":15,"column":0},"end":{"line":15,"column":14}},"15":{"start":{"line":16,"column":0},"end":{"line":16,"column":17}},"16":{"start":{"line":17,"column":0},"end":{"line":17,"column":30}},"17":{"start":{"line":18,"column":0},"end":{"line":18,"column":25}},"18":{"start":{"line":19,"column":0},"end":{"line":19,"column":59}},"19":{"start":{"line":20,"column":0},"end":{"line":20,"column":19}},"20":{"start":{"line":21,"column":0},"end":{"line":21,"column":23}},"21":{"start":{"line":22,"column":0},"end":{"line":22,"column":23}},"22":{"start":{"line":23,"column":0},"end":{"line":23,"column":2}}},"s":{"0":1,"1":1,"2":1,"3":1,"4":1,"5":1,"6":1,"7":1,"8":1,"9":1,"10":1,"11":1,"12":1,"13":1,"14":1,"15":1,"16":1,"17":1,"18":1,"19":1,"20":1,"21":1,"22":1},"branchMap":{"0":{"type":"branch","line":1,"loc":{"start":{"line":1,"column":0},"end":{"line":23,"column":2}},"locations":[{"start":{"line":1,"column":0},"end":{"line":23,"column":2}}]},"1":{"type":"branch","line":1,"loc":{"start":{"line":1,"column":0},"end":{"line":23,"column":2}},"locations":[{"start":{"line":1,"column":0},"end":{"line":23,"column":2}}]}},"b":{"0":[1],"1":[1]},"fnMap":{"0":{"name":"Object.<anonymous>","decl":{"start":{"line":1,"column":0},"end":{"line":23,"column":2}},"loc":{"start":{"line":1,"column":0},"end":{"line":23,"column":2}},"line":1}},"f":{"0":1}}
,"C:\\Users\\kvu61\\Documents\\Coding\\discord\\hearts-game\\packages\\server\\dist\\entities\\GameState.js": {"path":"C:\\Users\\kvu61\\Documents\\Coding\\discord\\hearts-game\\packages\\server\\dist\\entities\\GameState.js","all":false,"statementMap":{"0":{"start":{"line":1,"column":0},"end":{"line":1,"column":13}},"1":{"start":{"line":2,"column":0},"end":{"line":2,"column":88}},"2":{"start":{"line":3,"column":0},"end":{"line":3,"column":129}},"3":{"start":{"line":4,"column":0},"end":{"line":4,"column":131}},"4":{"start":{"line":5,"column":0},"end":{"line":5,"column":150}},"5":{"start":{"line":6,"column":0},"end":{"line":6,"column":66}},"6":{"start":{"line":7,"column":0},"end":{"line":7,"column":2}},"7":{"start":{"line":8,"column":0},"end":{"line":8,"column":62}},"8":{"start":{"line":9,"column":0},"end":{"line":9,"column":27}},"9":{"start":{"line":10,"column":0},"end":{"line":10,"column":45}},"10":{"start":{"line":11,"column":0},"end":{"line":11,"column":41}},"11":{"start":{"line":12,"column":0},"end":{"line":12,"column":37}},"12":{"start":{"line":13,"column":0},"end":{"line":13,"column":41}},"13":{"start":{"line":14,"column":0},"end":{"line":14,"column":19}},"14":{"start":{"line":15,"column":0},"end":{"line":15,"column":28}},"15":{"start":{"line":16,"column":0},"end":{"line":16,"column":44}},"16":{"start":{"line":17,"column":0},"end":{"line":17,"column":48}},"17":{"start":{"line":18,"column":0},"end":{"line":18,"column":33}},"18":{"start":{"line":19,"column":0},"end":{"line":19,"column":38}},"19":{"start":{"line":20,"column":0},"end":{"line":20,"column":45}},"20":{"start":{"line":21,"column":0},"end":{"line":21,"column":41}},"21":{"start":{"line":22,"column":0},"end":{"line":22,"column":5}},"22":{"start":{"line":23,"column":0},"end":{"line":23,"column":39}},"23":{"start":{"line":24,"column":0},"end":{"line":24,"column":46}},"24":{"start":{"line":25,"column":0},"end":{"line":25,"column":35}},"25":{"start":{"line":26,"column":0},"end":{"line":26,"column":27}},"26":{"start":{"line":27,"column":0},"end":{"line":27,"column":50}},"27":{"start":{"line":28,"column":0},"end":{"line":28,"column":70}},"28":{"start":{"line":29,"column":0},"end":{"line":29,"column":37}},"29":{"start":{"line":30,"column":0},"end":{"line":30,"column":101}},"30":{"start":{"line":31,"column":0},"end":{"line":31,"column":72}},"31":{"start":{"line":32,"column":0},"end":{"line":32,"column":9}},"32":{"start":{"line":33,"column":0},"end":{"line":33,"column":5}},"33":{"start":{"line":34,"column":0},"end":{"line":34,"column":44}},"34":{"start":{"line":35,"column":0},"end":{"line":35,"column":34}},"35":{"start":{"line":36,"column":0},"end":{"line":36,"column":68}},"36":{"start":{"line":37,"column":0},"end":{"line":37,"column":5}},"37":{"start":{"line":38,"column":0},"end":{"line":38,"column":52}},"38":{"start":{"line":39,"column":0},"end":{"line":39,"column":42}},"39":{"start":{"line":40,"column":0},"end":{"line":40,"column":56}},"40":{"start":{"line":41,"column":0},"end":{"line":41,"column":5}},"41":{"start":{"line":42,"column":0},"end":{"line":42,"column":49}},"42":{"start":{"line":43,"column":0},"end":{"line":43,"column":29}},"43":{"start":{"line":44,"column":0},"end":{"line":44,"column":58}},"44":{"start":{"line":45,"column":0},"end":{"line":45,"column":5}},"45":{"start":{"line":46,"column":0},"end":{"line":46,"column":27}},"46":{"start":{"line":47,"column":0},"end":{"line":47,"column":22}},"47":{"start":{"line":48,"column":0},"end":{"line":48,"column":55}},"48":{"start":{"line":49,"column":0},"end":{"line":49,"column":5}},"49":{"start":{"line":50,"column":0},"end":{"line":50,"column":1}},"50":{"start":{"line":51,"column":0},"end":{"line":51,"column":30}},"51":{"start":{"line":52,"column":0},"end":{"line":52,"column":12}},"52":{"start":{"line":53,"column":0},"end":{"line":53,"column":35}},"53":{"start":{"line":54,"column":0},"end":{"line":54,"column":46}},"54":{"start":{"line":55,"column":0},"end":{"line":55,"column":12}},"55":{"start":{"line":56,"column":0},"end":{"line":56,"column":48}},"56":{"start":{"line":57,"column":0},"end":{"line":57,"column":43}},"57":{"start":{"line":58,"column":0},"end":{"line":58,"column":12}},"58":{"start":{"line":59,"column":0},"end":{"line":59,"column":32}},"59":{"start":{"line":60,"column":0},"end":{"line":60,"column":46}},"60":{"start":{"line":61,"column":0},"end":{"line":61,"column":12}},"61":{"start":{"line":62,"column":0},"end":{"line":62,"column":32}},"62":{"start":{"line":63,"column":0},"end":{"line":63,"column":55}},"63":{"start":{"line":64,"column":0},"end":{"line":64,"column":12}},"64":{"start":{"line":65,"column":0},"end":{"line":65,"column":32}},"65":{"start":{"line":66,"column":0},"end":{"line":66,"column":63}},"66":{"start":{"line":67,"column":0},"end":{"line":67,"column":12}},"67":{"start":{"line":68,"column":0},"end":{"line":68,"column":32}},"68":{"start":{"line":69,"column":0},"end":{"line":69,"column":59}}},"s":{"0":1,"1":1,"2":6,"3":6,"4":6,"5":6,"6":1,"7":1,"8":1,"9":1,"10":1,"11":1,"12":1,"13":1,"14":2,"15":2,"16":2,"17":2,"18":2,"19":2,"20":2,"21":2,"22":1,"23":1,"24":0,"25":0,"26":0,"27":0,"28":0,"29":0,"30":0,"31":0,"32":0,"33":1,"34":1,"35":0,"36":0,"37":1,"38":1,"39":0,"40":0,"41":1,"42":1,"43":0,"44":0,"45":1,"46":1,"47":0,"48":0,"49":1,"50":1,"51":1,"52":1,"53":1,"54":1,"55":1,"56":1,"57":1,"58":1,"59":1,"60":1,"61":1,"62":1,"63":1,"64":1,"65":1,"66":1,"67":1,"68":1},"branchMap":{"0":{"type":"branch","line":1,"loc":{"start":{"line":1,"column":0},"end":{"line":69,"column":59}},"locations":[{"start":{"line":1,"column":0},"end":{"line":69,"column":59}}]},"1":{"type":"branch","line":1,"loc":{"start":{"line":1,"column":0},"end":{"line":69,"column":59}},"locations":[{"start":{"line":1,"column":0},"end":{"line":69,"column":59}}]},"2":{"type":"branch","line":2,"loc":{"start":{"line":2,"column":46},"end":{"line":7,"column":1}},"locations":[{"start":{"line":2,"column":46},"end":{"line":7,"column":1}}]},"3":{"type":"branch","line":3,"loc":{"start":{"line":3,"column":40},"end":{"line":3,"column":48}},"locations":[{"start":{"line":3,"column":40},"end":{"line":3,"column":48}}]},"4":{"type":"branch","line":3,"loc":{"start":{"line":3,"column":65},"end":{"line":3,"column":118}},"locations":[{"start":{"line":3,"column":65},"end":{"line":3,"column":118}}]},"5":{"type":"branch","line":4,"loc":{"start":{"line":4,"column":79},"end":{"line":4,"column":131}},"locations":[{"start":{"line":4,"column":79},"end":{"line":4,"column":131}}]},"6":{"type":"branch","line":5,"loc":{"start":{"line":5,"column":92},"end":{"line":5,"column":98}},"locations":[{"start":{"line":5,"column":92},"end":{"line":5,"column":98}}]},"7":{"type":"branch","line":5,"loc":{"start":{"line":5,"column":127},"end":{"line":5,"column":143}},"locations":[{"start":{"line":5,"column":127},"end":{"line":5,"column":143}}]},"8":{"type":"branch","line":6,"loc":{"start":{"line":6,"column":22},"end":{"line":6,"column":62}},"locations":[{"start":{"line":6,"column":22},"end":{"line":6,"column":62}}]},"9":{"type":"branch","line":14,"loc":{"start":{"line":14,"column":4},"end":{"line":22,"column":5}},"locations":[{"start":{"line":14,"column":4},"end":{"line":22,"column":5}}]}},"b":{"0":[1],"1":[1],"2":[6],"3":[0],"4":[0],"5":[0],"6":[0],"7":[0],"8":[0],"9":[2]},"fnMap":{"0":{"name":"Object.<anonymous>","decl":{"start":{"line":1,"column":0},"end":{"line":69,"column":59}},"loc":{"start":{"line":1,"column":0},"end":{"line":69,"column":59}},"line":1},"1":{"name":"Object.<anonymous>.__decorate","decl":{"start":{"line":2,"column":46},"end":{"line":7,"column":1}},"loc":{"start":{"line":2,"column":46},"end":{"line":7,"column":1}},"line":2},"2":{"name":"GameState","decl":{"start":{"line":14,"column":4},"end":{"line":22,"column":5}},"loc":{"start":{"line":14,"column":4},"end":{"line":22,"column":5}},"line":14},"3":{"name":"dealCards","decl":{"start":{"line":24,"column":4},"end":{"line":33,"column":5}},"loc":{"start":{"line":24,"column":4},"end":{"line":33,"column":5}},"line":24},"4":{"name":"determineCurrentTurnPlayer","decl":{"start":{"line":35,"column":4},"end":{"line":37,"column":5}},"loc":{"start":{"line":35,"column":4},"end":{"line":37,"column":5}},"line":35},"5":{"name":"handlePlayerAction","decl":{"start":{"line":39,"column":4},"end":{"line":41,"column":5}},"loc":{"start":{"line":39,"column":4},"end":{"line":41,"column":5}},"line":39},"6":{"name":"determineRoundOutcome","decl":{"start":{"line":43,"column":4},"end":{"line":45,"column":5}},"loc":{"start":{"line":43,"column":4},"end":{"line":45,"column":5}},"line":43},"7":{"name":"startNextRound","decl":{"start":{"line":47,"column":4},"end":{"line":49,"column":5}},"loc":{"start":{"line":47,"column":4},"end":{"line":49,"column":5}},"line":47}},"f":{"0":1,"1":6,"2":2,"3":0,"4":0,"5":0,"6":0,"7":0}}
,"C:\\Users\\kvu61\\Documents\\Coding\\discord\\hearts-game\\packages\\server\\dist\\entities\\Player.js": {"path":"C:\\Users\\kvu61\\Documents\\Coding\\discord\\hearts-game\\packages\\server\\dist\\entities\\Player.js","all":false,"statementMap":{"0":{"start":{"line":1,"column":0},"end":{"line":1,"column":13}},"1":{"start":{"line":2,"column":0},"end":{"line":2,"column":88}},"2":{"start":{"line":3,"column":0},"end":{"line":3,"column":129}},"3":{"start":{"line":4,"column":0},"end":{"line":4,"column":131}},"4":{"start":{"line":5,"column":0},"end":{"line":5,"column":150}},"5":{"start":{"line":6,"column":0},"end":{"line":6,"column":66}},"6":{"start":{"line":7,"column":0},"end":{"line":7,"column":2}},"7":{"start":{"line":8,"column":0},"end":{"line":8,"column":72}},"8":{"start":{"line":9,"column":0},"end":{"line":9,"column":62}},"9":{"start":{"line":10,"column":0},"end":{"line":10,"column":2}},"10":{"start":{"line":11,"column":0},"end":{"line":11,"column":62}},"11":{"start":{"line":12,"column":0},"end":{"line":12,"column":24}},"12":{"start":{"line":13,"column":0},"end":{"line":13,"column":45}},"13":{"start":{"line":14,"column":0},"end":{"line":14,"column":41}},"14":{"start":{"line":15,"column":0},"end":{"line":15,"column":65}},"15":{"start":{"line":16,"column":0},"end":{"line":16,"column":38}},"16":{"start":{"line":17,"column":0},"end":{"line":17,"column":11}},"17":{"start":{"line":18,"column":0},"end":{"line":18,"column":57}},"18":{"start":{"line":19,"column":0},"end":{"line":19,"column":16}},"19":{"start":{"line":20,"column":0},"end":{"line":20,"column":29}},"20":{"start":{"line":21,"column":0},"end":{"line":21,"column":39}},"21":{"start":{"line":22,"column":0},"end":{"line":22,"column":68}},"22":{"start":{"line":23,"column":0},"end":{"line":23,"column":93}},"23":{"start":{"line":24,"column":0},"end":{"line":24,"column":87}},"24":{"start":{"line":25,"column":0},"end":{"line":25,"column":69}},"25":{"start":{"line":26,"column":0},"end":{"line":26,"column":74}},"26":{"start":{"line":27,"column":0},"end":{"line":27,"column":83}},"27":{"start":{"line":28,"column":0},"end":{"line":28,"column":29}},"28":{"start":{"line":29,"column":0},"end":{"line":29,"column":35}},"29":{"start":{"line":30,"column":0},"end":{"line":30,"column":25}},"30":{"start":{"line":31,"column":0},"end":{"line":31,"column":35}},"31":{"start":{"line":32,"column":0},"end":{"line":32,"column":5}},"32":{"start":{"line":33,"column":0},"end":{"line":33,"column":1}},"33":{"start":{"line":34,"column":0},"end":{"line":34,"column":24}},"34":{"start":{"line":35,"column":0},"end":{"line":35,"column":12}},"35":{"start":{"line":36,"column":0},"end":{"line":36,"column":32}},"36":{"start":{"line":37,"column":0},"end":{"line":37,"column":42}},"37":{"start":{"line":38,"column":0},"end":{"line":38,"column":12}},"38":{"start":{"line":39,"column":0},"end":{"line":39,"column":32}},"39":{"start":{"line":40,"column":0},"end":{"line":40,"column":39}},"40":{"start":{"line":41,"column":0},"end":{"line":41,"column":12}},"41":{"start":{"line":42,"column":0},"end":{"line":42,"column":32}},"42":{"start":{"line":43,"column":0},"end":{"line":43,"column":42}},"43":{"start":{"line":44,"column":0},"end":{"line":44,"column":12}},"44":{"start":{"line":45,"column":0},"end":{"line":45,"column":32}},"45":{"start":{"line":46,"column":0},"end":{"line":46,"column":37}},"46":{"start":{"line":47,"column":0},"end":{"line":47,"column":12}},"47":{"start":{"line":48,"column":0},"end":{"line":48,"column":33}},"48":{"start":{"line":49,"column":0},"end":{"line":49,"column":40}},"49":{"start":{"line":50,"column":0},"end":{"line":50,"column":12}},"50":{"start":{"line":51,"column":0},"end":{"line":51,"column":35}},"51":{"start":{"line":52,"column":0},"end":{"line":52,"column":37}},"52":{"start":{"line":53,"column":0},"end":{"line":53,"column":12}},"53":{"start":{"line":54,"column":0},"end":{"line":54,"column":32}},"54":{"start":{"line":55,"column":0},"end":{"line":55,"column":38}},"55":{"start":{"line":56,"column":0},"end":{"line":56,"column":12}},"56":{"start":{"line":57,"column":0},"end":{"line":57,"column":32}},"57":{"start":{"line":58,"column":0},"end":{"line":58,"column":36}},"58":{"start":{"line":59,"column":0},"end":{"line":59,"column":12}},"59":{"start":{"line":60,"column":0},"end":{"line":60,"column":33}},"60":{"start":{"line":61,"column":0},"end":{"line":61,"column":38}},"61":{"start":{"line":62,"column":0},"end":{"line":62,"column":12}},"62":{"start":{"line":63,"column":0},"end":{"line":63,"column":33}},"63":{"start":{"line":64,"column":0},"end":{"line":64,"column":42}},"64":{"start":{"line":65,"column":0},"end":{"line":65,"column":12}},"65":{"start":{"line":66,"column":0},"end":{"line":66,"column":32}},"66":{"start":{"line":67,"column":0},"end":{"line":67,"column":45}}},"s":{"0":1,"1":1,"2":11,"3":11,"4":11,"5":11,"6":1,"7":1,"8":1,"9":1,"10":1,"11":1,"12":1,"13":1,"14":1,"15":1,"16":1,"17":1,"18":0,"19":0,"20":0,"21":0,"22":0,"23":0,"24":0,"25":0,"26":0,"27":0,"28":0,"29":0,"30":0,"31":0,"32":1,"33":1,"34":1,"35":1,"36":1,"37":1,"38":1,"39":1,"40":1,"41":1,"42":1,"43":1,"44":1,"45":1,"46":1,"47":1,"48":1,"49":1,"50":1,"51":1,"52":1,"53":1,"54":1,"55":1,"56":1,"57":1,"58":1,"59":1,"60":1,"61":1,"62":1,"63":1,"64":1,"65":1,"66":1},"branchMap":{"0":{"type":"branch","line":1,"loc":{"start":{"line":1,"column":0},"end":{"line":67,"column":45}},"locations":[{"start":{"line":1,"column":0},"end":{"line":67,"column":45}}]},"1":{"type":"branch","line":1,"loc":{"start":{"line":1,"column":0},"end":{"line":67,"column":45}},"locations":[{"start":{"line":1,"column":0},"end":{"line":67,"column":45}}]},"2":{"type":"branch","line":2,"loc":{"start":{"line":2,"column":46},"end":{"line":7,"column":1}},"locations":[{"start":{"line":2,"column":46},"end":{"line":7,"column":1}}]},"3":{"type":"branch","line":3,"loc":{"start":{"line":3,"column":40},"end":{"line":3,"column":48}},"locations":[{"start":{"line":3,"column":40},"end":{"line":3,"column":48}}]},"4":{"type":"branch","line":3,"loc":{"start":{"line":3,"column":65},"end":{"line":3,"column":118}},"locations":[{"start":{"line":3,"column":65},"end":{"line":3,"column":118}}]},"5":{"type":"branch","line":4,"loc":{"start":{"line":4,"column":79},"end":{"line":4,"column":131}},"locations":[{"start":{"line":4,"column":79},"end":{"line":4,"column":131}}]},"6":{"type":"branch","line":5,"loc":{"start":{"line":5,"column":92},"end":{"line":5,"column":98}},"locations":[{"start":{"line":5,"column":92},"end":{"line":5,"column":98}}]},"7":{"type":"branch","line":5,"loc":{"start":{"line":5,"column":127},"end":{"line":5,"column":143}},"locations":[{"start":{"line":5,"column":127},"end":{"line":5,"column":143}}]},"8":{"type":"branch","line":6,"loc":{"start":{"line":6,"column":22},"end":{"line":6,"column":62}},"locations":[{"start":{"line":6,"column":22},"end":{"line":6,"column":62}}]},"9":{"type":"branch","line":8,"loc":{"start":{"line":8,"column":56},"end":{"line":10,"column":1}},"locations":[{"start":{"line":8,"column":56},"end":{"line":10,"column":1}}]},"10":{"type":"branch","line":9,"loc":{"start":{"line":9,"column":41},"end":{"line":9,"column":61}},"locations":[{"start":{"line":9,"column":41},"end":{"line":9,"column":61}}]}},"b":{"0":[1],"1":[1],"2":[11],"3":[0],"4":[0],"5":[0],"6":[0],"7":[0],"8":[0],"9":[1],"10":[0]},"fnMap":{"0":{"name":"Object.<anonymous>","decl":{"start":{"line":1,"column":0},"end":{"line":67,"column":45}},"loc":{"start":{"line":1,"column":0},"end":{"line":67,"column":45}},"line":1},"1":{"name":"Object.<anonymous>.__decorate","decl":{"start":{"line":2,"column":46},"end":{"line":7,"column":1}},"loc":{"start":{"line":2,"column":46},"end":{"line":7,"column":1}},"line":2},"2":{"name":"Object.<anonymous>.__importDefault","decl":{"start":{"line":8,"column":56},"end":{"line":10,"column":1}},"loc":{"start":{"line":8,"column":56},"end":{"line":10,"column":1}},"line":8},"3":{"name":"Player","decl":{"start":{"line":18,"column":4},"end":{"line":32,"column":5}},"loc":{"start":{"line":18,"column":4},"end":{"line":32,"column":5}},"line":18}},"f":{"0":1,"1":11,"2":1,"3":0}}
,"C:\\Users\\kvu61\\Documents\\Coding\\discord\\hearts-game\\packages\\server\\dist\\entities\\schemas\\Card.js": {"path":"C:\\Users\\kvu61\\Documents\\Coding\\discord\\hearts-game\\packages\\server\\dist\\entities\\schemas\\Card.js","all":false,"statementMap":{"0":{"start":{"line":1,"column":0},"end":{"line":1,"column":13}},"1":{"start":{"line":2,"column":0},"end":{"line":2,"column":88}},"2":{"start":{"line":3,"column":0},"end":{"line":3,"column":129}},"3":{"start":{"line":4,"column":0},"end":{"line":4,"column":131}},"4":{"start":{"line":5,"column":0},"end":{"line":5,"column":150}},"5":{"start":{"line":6,"column":0},"end":{"line":6,"column":66}},"6":{"start":{"line":7,"column":0},"end":{"line":7,"column":2}},"7":{"start":{"line":8,"column":0},"end":{"line":8,"column":62}},"8":{"start":{"line":9,"column":0},"end":{"line":9,"column":22}},"9":{"start":{"line":10,"column":0},"end":{"line":10,"column":45}},"10":{"start":{"line":11,"column":0},"end":{"line":11,"column":43}},"11":{"start":{"line":12,"column":0},"end":{"line":12,"column":45}},"12":{"start":{"line":13,"column":0},"end":{"line":13,"column":36}},"13":{"start":{"line":14,"column":0},"end":{"line":14,"column":33}},"14":{"start":{"line":15,"column":0},"end":{"line":15,"column":16}},"15":{"start":{"line":16,"column":0},"end":{"line":16,"column":31}},"16":{"start":{"line":17,"column":0},"end":{"line":17,"column":50}},"17":{"start":{"line":18,"column":0},"end":{"line":18,"column":49}},"18":{"start":{"line":19,"column":0},"end":{"line":19,"column":92}},"19":{"start":{"line":20,"column":0},"end":{"line":20,"column":94}},"20":{"start":{"line":21,"column":0},"end":{"line":21,"column":5}},"21":{"start":{"line":22,"column":0},"end":{"line":22,"column":1}},"22":{"start":{"line":23,"column":0},"end":{"line":23,"column":20}},"23":{"start":{"line":24,"column":0},"end":{"line":24,"column":12}},"24":{"start":{"line":25,"column":0},"end":{"line":25,"column":33}},"25":{"start":{"line":26,"column":0},"end":{"line":26,"column":38}},"26":{"start":{"line":27,"column":0},"end":{"line":27,"column":12}},"27":{"start":{"line":28,"column":0},"end":{"line":28,"column":38}},"28":{"start":{"line":29,"column":0},"end":{"line":29,"column":28}},"29":{"start":{"line":30,"column":0},"end":{"line":30,"column":7}},"30":{"start":{"line":31,"column":0},"end":{"line":31,"column":45}},"31":{"start":{"line":32,"column":0},"end":{"line":32,"column":36}}},"s":{"0":2,"1":2,"2":4,"3":4,"4":4,"5":4,"6":2,"7":2,"8":2,"9":2,"10":2,"11":2,"12":2,"13":2,"14":4,"15":4,"16":4,"17":4,"18":4,"19":4,"20":4,"21":2,"22":2,"23":2,"24":2,"25":2,"26":2,"27":2,"28":0,"29":2,"30":2,"31":2},"branchMap":{"0":{"type":"branch","line":1,"loc":{"start":{"line":1,"column":0},"end":{"line":32,"column":36}},"locations":[{"start":{"line":1,"column":0},"end":{"line":32,"column":36}}]},"1":{"type":"branch","line":1,"loc":{"start":{"line":1,"column":0},"end":{"line":32,"column":36}},"locations":[{"start":{"line":1,"column":0},"end":{"line":32,"column":36}}]},"2":{"type":"branch","line":2,"loc":{"start":{"line":2,"column":46},"end":{"line":7,"column":1}},"locations":[{"start":{"line":2,"column":46},"end":{"line":7,"column":1}}]},"3":{"type":"branch","line":3,"loc":{"start":{"line":3,"column":40},"end":{"line":3,"column":48}},"locations":[{"start":{"line":3,"column":40},"end":{"line":3,"column":48}}]},"4":{"type":"branch","line":3,"loc":{"start":{"line":3,"column":65},"end":{"line":3,"column":118}},"locations":[{"start":{"line":3,"column":65},"end":{"line":3,"column":118}}]},"5":{"type":"branch","line":4,"loc":{"start":{"line":4,"column":79},"end":{"line":4,"column":131}},"locations":[{"start":{"line":4,"column":79},"end":{"line":4,"column":131}}]},"6":{"type":"branch","line":5,"loc":{"start":{"line":5,"column":58},"end":{"line":5,"column":150}},"locations":[{"start":{"line":5,"column":58},"end":{"line":5,"column":150}}]},"7":{"type":"branch","line":5,"loc":{"start":{"line":5,"column":92},"end":{"line":5,"column":98}},"locations":[{"start":{"line":5,"column":92},"end":{"line":5,"column":98}}]},"8":{"type":"branch","line":5,"loc":{"start":{"line":5,"column":127},"end":{"line":5,"column":143}},"locations":[{"start":{"line":5,"column":127},"end":{"line":5,"column":143}}]},"9":{"type":"branch","line":6,"loc":{"start":{"line":6,"column":22},"end":{"line":6,"column":62}},"locations":[{"start":{"line":6,"column":22},"end":{"line":6,"column":62}}]},"10":{"type":"branch","line":14,"loc":{"start":{"line":14,"column":4},"end":{"line":21,"column":5}},"locations":[{"start":{"line":14,"column":4},"end":{"line":21,"column":5}}]}},"b":{"0":[2],"1":[2],"2":[4],"3":[0],"4":[0],"5":[0],"6":[6],"7":[0],"8":[0],"9":[0],"10":[4]},"fnMap":{"0":{"name":"Object.<anonymous>","decl":{"start":{"line":1,"column":0},"end":{"line":32,"column":36}},"loc":{"start":{"line":1,"column":0},"end":{"line":32,"column":36}},"line":1},"1":{"name":"Object.<anonymous>.__decorate","decl":{"start":{"line":2,"column":46},"end":{"line":7,"column":1}},"loc":{"start":{"line":2,"column":46},"end":{"line":7,"column":1}},"line":2},"2":{"name":"Card","decl":{"start":{"line":14,"column":4},"end":{"line":21,"column":5}},"loc":{"start":{"line":14,"column":4},"end":{"line":21,"column":5}},"line":14}},"f":{"0":2,"1":4,"2":4}}
,"C:\\Users\\kvu61\\Documents\\Coding\\discord\\hearts-game\\packages\\server\\dist\\entities\\schemas\\CardValue.js": {"path":"C:\\Users\\kvu61\\Documents\\Coding\\discord\\hearts-game\\packages\\server\\dist\\entities\\schemas\\CardValue.js","all":false,"statementMap":{"0":{"start":{"line":1,"column":0},"end":{"line":1,"column":13}},"1":{"start":{"line":2,"column":0},"end":{"line":2,"column":88}},"2":{"start":{"line":3,"column":0},"end":{"line":3,"column":129}},"3":{"start":{"line":4,"column":0},"end":{"line":4,"column":131}},"4":{"start":{"line":5,"column":0},"end":{"line":5,"column":150}},"5":{"start":{"line":6,"column":0},"end":{"line":6,"column":66}},"6":{"start":{"line":7,"column":0},"end":{"line":7,"column":2}},"7":{"start":{"line":8,"column":0},"end":{"line":8,"column":62}},"8":{"start":{"line":9,"column":0},"end":{"line":9,"column":27}},"9":{"start":{"line":10,"column":0},"end":{"line":10,"column":45}},"10":{"start":{"line":11,"column":0},"end":{"line":11,"column":41}},"11":{"start":{"line":12,"column":0},"end":{"line":12,"column":24}},"12":{"start":{"line":13,"column":0},"end":{"line":13,"column":30}},"13":{"start":{"line":14,"column":0},"end":{"line":14,"column":22}},"14":{"start":{"line":15,"column":0},"end":{"line":15,"column":38}},"15":{"start":{"line":16,"column":0},"end":{"line":16,"column":22}},"16":{"start":{"line":17,"column":0},"end":{"line":17,"column":34}},"17":{"start":{"line":18,"column":0},"end":{"line":18,"column":5}},"18":{"start":{"line":19,"column":0},"end":{"line":19,"column":1}},"19":{"start":{"line":20,"column":0},"end":{"line":20,"column":30}},"20":{"start":{"line":21,"column":0},"end":{"line":21,"column":12}},"21":{"start":{"line":22,"column":0},"end":{"line":22,"column":32}},"22":{"start":{"line":23,"column":0},"end":{"line":23,"column":40}},"23":{"start":{"line":24,"column":0},"end":{"line":24,"column":12}},"24":{"start":{"line":25,"column":0},"end":{"line":25,"column":32}},"25":{"start":{"line":26,"column":0},"end":{"line":26,"column":41}}},"s":{"0":2,"1":2,"2":4,"3":4,"4":4,"5":4,"6":2,"7":2,"8":2,"9":2,"10":2,"11":2,"12":14,"13":14,"14":9,"15":14,"16":9,"17":14,"18":2,"19":2,"20":2,"21":2,"22":2,"23":2,"24":2,"25":2},"branchMap":{"0":{"type":"branch","line":1,"loc":{"start":{"line":1,"column":0},"end":{"line":26,"column":41}},"locations":[{"start":{"line":1,"column":0},"end":{"line":26,"column":41}}]},"1":{"type":"branch","line":1,"loc":{"start":{"line":1,"column":0},"end":{"line":26,"column":41}},"locations":[{"start":{"line":1,"column":0},"end":{"line":26,"column":41}}]},"2":{"type":"branch","line":2,"loc":{"start":{"line":2,"column":46},"end":{"line":7,"column":1}},"locations":[{"start":{"line":2,"column":46},"end":{"line":7,"column":1}}]},"3":{"type":"branch","line":3,"loc":{"start":{"line":3,"column":40},"end":{"line":3,"column":48}},"locations":[{"start":{"line":3,"column":40},"end":{"line":3,"column":48}}]},"4":{"type":"branch","line":3,"loc":{"start":{"line":3,"column":65},"end":{"line":3,"column":118}},"locations":[{"start":{"line":3,"column":65},"end":{"line":3,"column":118}}]},"5":{"type":"branch","line":4,"loc":{"start":{"line":4,"column":79},"end":{"line":4,"column":131}},"locations":[{"start":{"line":4,"column":79},"end":{"line":4,"column":131}}]},"6":{"type":"branch","line":5,"loc":{"start":{"line":5,"column":92},"end":{"line":5,"column":98}},"locations":[{"start":{"line":5,"column":92},"end":{"line":5,"column":98}}]},"7":{"type":"branch","line":5,"loc":{"start":{"line":5,"column":127},"end":{"line":5,"column":143}},"locations":[{"start":{"line":5,"column":127},"end":{"line":5,"column":143}}]},"8":{"type":"branch","line":6,"loc":{"start":{"line":6,"column":22},"end":{"line":6,"column":62}},"locations":[{"start":{"line":6,"column":22},"end":{"line":6,"column":62}}]},"9":{"type":"branch","line":12,"loc":{"start":{"line":12,"column":4},"end":{"line":18,"column":5}},"locations":[{"start":{"line":12,"column":4},"end":{"line":18,"column":5}}]},"10":{"type":"branch","line":14,"loc":{"start":{"line":14,"column":12},"end":{"line":14,"column":22}},"locations":[{"start":{"line":14,"column":12},"end":{"line":14,"column":22}}]},"11":{"type":"branch","line":15,"loc":{"start":{"line":15,"column":-1},"end":{"line":16,"column":12}},"locations":[{"start":{"line":15,"column":-1},"end":{"line":16,"column":12}}]},"12":{"type":"branch","line":16,"loc":{"start":{"line":16,"column":12},"end":{"line":16,"column":22}},"locations":[{"start":{"line":16,"column":12},"end":{"line":16,"column":22}}]},"13":{"type":"branch","line":17,"loc":{"start":{"line":17,"column":-1},"end":{"line":18,"column":4}},"locations":[{"start":{"line":17,"column":-1},"end":{"line":18,"column":4}}]}},"b":{"0":[2],"1":[2],"2":[4],"3":[0],"4":[0],"5":[0],"6":[0],"7":[0],"8":[0],"9":[14],"10":[5],"11":[9],"12":[0],"13":[9]},"fnMap":{"0":{"name":"Object.<anonymous>","decl":{"start":{"line":1,"column":0},"end":{"line":26,"column":41}},"loc":{"start":{"line":1,"column":0},"end":{"line":26,"column":41}},"line":1},"1":{"name":"Object.<anonymous>.__decorate","decl":{"start":{"line":2,"column":46},"end":{"line":7,"column":1}},"loc":{"start":{"line":2,"column":46},"end":{"line":7,"column":1}},"line":2},"2":{"name":"get numericValue","decl":{"start":{"line":12,"column":4},"end":{"line":18,"column":5}},"loc":{"start":{"line":12,"column":4},"end":{"line":18,"column":5}},"line":12}},"f":{"0":2,"1":4,"2":14}}
,"C:\\Users\\kvu61\\Documents\\Coding\\discord\\hearts-game\\packages\\server\\dist\\entities\\schemas\\Hand.js": {"path":"C:\\Users\\kvu61\\Documents\\Coding\\discord\\hearts-game\\packages\\server\\dist\\entities\\schemas\\Hand.js","all":false,"statementMap":{"0":{"start":{"line":1,"column":0},"end":{"line":1,"column":13}},"1":{"start":{"line":2,"column":0},"end":{"line":2,"column":88}},"2":{"start":{"line":3,"column":0},"end":{"line":3,"column":129}},"3":{"start":{"line":4,"column":0},"end":{"line":4,"column":131}},"4":{"start":{"line":5,"column":0},"end":{"line":5,"column":150}},"5":{"start":{"line":6,"column":0},"end":{"line":6,"column":66}},"6":{"start":{"line":7,"column":0},"end":{"line":7,"column":2}},"7":{"start":{"line":8,"column":0},"end":{"line":8,"column":62}},"8":{"start":{"line":9,"column":0},"end":{"line":9,"column":22}},"9":{"start":{"line":10,"column":0},"end":{"line":10,"column":45}},"10":{"start":{"line":11,"column":0},"end":{"line":11,"column":33}},"11":{"start":{"line":12,"column":0},"end":{"line":12,"column":36}},"12":{"start":{"line":13,"column":0},"end":{"line":13,"column":19}},"13":{"start":{"line":14,"column":0},"end":{"line":14,"column":28}},"14":{"start":{"line":15,"column":0},"end":{"line":15,"column":33}},"15":{"start":{"line":16,"column":0},"end":{"line":16,"column":30}},"16":{"start":{"line":17,"column":0},"end":{"line":17,"column":48}},"17":{"start":{"line":18,"column":0},"end":{"line":18,"column":5}},"18":{"start":{"line":19,"column":0},"end":{"line":19,"column":29}},"19":{"start":{"line":20,"column":0},"end":{"line":20,"column":46}},"20":{"start":{"line":21,"column":0},"end":{"line":21,"column":53}},"21":{"start":{"line":22,"column":0},"end":{"line":22,"column":30}},"22":{"start":{"line":23,"column":0},"end":{"line":23,"column":30}},"23":{"start":{"line":24,"column":0},"end":{"line":24,"column":30}},"24":{"start":{"line":25,"column":0},"end":{"line":25,"column":12}},"25":{"start":{"line":26,"column":0},"end":{"line":26,"column":34}},"26":{"start":{"line":27,"column":0},"end":{"line":27,"column":5}},"27":{"start":{"line":28,"column":0},"end":{"line":28,"column":13}},"28":{"start":{"line":29,"column":0},"end":{"line":29,"column":27}},"29":{"start":{"line":30,"column":0},"end":{"line":30,"column":26}},"30":{"start":{"line":31,"column":0},"end":{"line":31,"column":5}},"31":{"start":{"line":32,"column":0},"end":{"line":32,"column":18}},"32":{"start":{"line":33,"column":0},"end":{"line":33,"column":23}},"33":{"start":{"line":34,"column":0},"end":{"line":34,"column":33}},"34":{"start":{"line":35,"column":0},"end":{"line":35,"column":30}},"35":{"start":{"line":36,"column":0},"end":{"line":36,"column":5}},"36":{"start":{"line":37,"column":0},"end":{"line":37,"column":22}},"37":{"start":{"line":38,"column":0},"end":{"line":38,"column":33}},"38":{"start":{"line":39,"column":0},"end":{"line":39,"column":45}},"39":{"start":{"line":40,"column":0},"end":{"line":40,"column":37}},"40":{"start":{"line":41,"column":0},"end":{"line":41,"column":82}},"41":{"start":{"line":42,"column":0},"end":{"line":42,"column":51}},"42":{"start":{"line":43,"column":0},"end":{"line":43,"column":27}},"43":{"start":{"line":44,"column":0},"end":{"line":44,"column":27}},"44":{"start":{"line":45,"column":0},"end":{"line":45,"column":9}},"45":{"start":{"line":46,"column":0},"end":{"line":46,"column":30}},"46":{"start":{"line":47,"column":0},"end":{"line":47,"column":70}},"47":{"start":{"line":48,"column":0},"end":{"line":48,"column":38}},"48":{"start":{"line":49,"column":0},"end":{"line":49,"column":5}},"49":{"start":{"line":50,"column":0},"end":{"line":50,"column":1}},"50":{"start":{"line":51,"column":0},"end":{"line":51,"column":20}},"51":{"start":{"line":52,"column":0},"end":{"line":52,"column":12}},"52":{"start":{"line":53,"column":0},"end":{"line":53,"column":32}},"53":{"start":{"line":54,"column":0},"end":{"line":54,"column":36}},"54":{"start":{"line":55,"column":0},"end":{"line":55,"column":12}},"55":{"start":{"line":56,"column":0},"end":{"line":56,"column":33}},"56":{"start":{"line":57,"column":0},"end":{"line":57,"column":42}},"57":{"start":{"line":58,"column":0},"end":{"line":58,"column":12}},"58":{"start":{"line":59,"column":0},"end":{"line":59,"column":33}},"59":{"start":{"line":60,"column":0},"end":{"line":60,"column":39}},"60":{"start":{"line":61,"column":0},"end":{"line":61,"column":12}},"61":{"start":{"line":62,"column":0},"end":{"line":62,"column":37}},"62":{"start":{"line":63,"column":0},"end":{"line":63,"column":36}}},"s":{"0":2,"1":2,"2":8,"3":8,"4":8,"5":8,"6":2,"7":2,"8":2,"9":2,"10":2,"11":2,"12":2,"13":3,"14":3,"15":3,"16":3,"17":3,"18":2,"19":4,"20":4,"21":4,"22":4,"23":4,"24":4,"25":4,"26":4,"27":2,"28":0,"29":0,"30":0,"31":2,"32":0,"33":0,"34":0,"35":0,"36":2,"37":5,"38":5,"39":5,"40":5,"41":5,"42":4,"43":4,"44":4,"45":5,"46":5,"47":5,"48":5,"49":2,"50":2,"51":2,"52":2,"53":2,"54":2,"55":2,"56":2,"57":2,"58":2,"59":2,"60":2,"61":2,"62":2},"branchMap":{"0":{"type":"branch","line":1,"loc":{"start":{"line":1,"column":0},"end":{"line":63,"column":36}},"locations":[{"start":{"line":1,"column":0},"end":{"line":63,"column":36}}]},"1":{"type":"branch","line":1,"loc":{"start":{"line":1,"column":0},"end":{"line":63,"column":36}},"locations":[{"start":{"line":1,"column":0},"end":{"line":63,"column":36}}]},"2":{"type":"branch","line":2,"loc":{"start":{"line":2,"column":46},"end":{"line":7,"column":1}},"locations":[{"start":{"line":2,"column":46},"end":{"line":7,"column":1}}]},"3":{"type":"branch","line":3,"loc":{"start":{"line":3,"column":40},"end":{"line":3,"column":48}},"locations":[{"start":{"line":3,"column":40},"end":{"line":3,"column":48}}]},"4":{"type":"branch","line":3,"loc":{"start":{"line":3,"column":65},"end":{"line":3,"column":118}},"locations":[{"start":{"line":3,"column":65},"end":{"line":3,"column":118}}]},"5":{"type":"branch","line":4,"loc":{"start":{"line":4,"column":79},"end":{"line":4,"column":131}},"locations":[{"start":{"line":4,"column":79},"end":{"line":4,"column":131}}]},"6":{"type":"branch","line":5,"loc":{"start":{"line":5,"column":92},"end":{"line":5,"column":98}},"locations":[{"start":{"line":5,"column":92},"end":{"line":5,"column":98}}]},"7":{"type":"branch","line":5,"loc":{"start":{"line":5,"column":127},"end":{"line":5,"column":143}},"locations":[{"start":{"line":5,"column":127},"end":{"line":5,"column":143}}]},"8":{"type":"branch","line":6,"loc":{"start":{"line":6,"column":22},"end":{"line":6,"column":62}},"locations":[{"start":{"line":6,"column":22},"end":{"line":6,"column":62}}]},"9":{"type":"branch","line":13,"loc":{"start":{"line":13,"column":4},"end":{"line":18,"column":5}},"locations":[{"start":{"line":13,"column":4},"end":{"line":18,"column":5}}]},"10":{"type":"branch","line":19,"loc":{"start":{"line":19,"column":4},"end":{"line":27,"column":5}},"locations":[{"start":{"line":19,"column":4},"end":{"line":27,"column":5}}]},"11":{"type":"branch","line":24,"loc":{"start":{"line":24,"column":12},"end":{"line":24,"column":30}},"locations":[{"start":{"line":24,"column":12},"end":{"line":24,"column":30}}]},"12":{"type":"branch","line":37,"loc":{"start":{"line":37,"column":4},"end":{"line":49,"column":5}},"locations":[{"start":{"line":37,"column":4},"end":{"line":49,"column":5}}]},"13":{"type":"branch","line":42,"loc":{"start":{"line":42,"column":29},"end":{"line":42,"column":48}},"locations":[{"start":{"line":42,"column":29},"end":{"line":42,"column":48}}]},"14":{"type":"branch","line":42,"loc":{"start":{"line":42,"column":50},"end":{"line":45,"column":9}},"locations":[{"start":{"line":42,"column":50},"end":{"line":45,"column":9}}]},"15":{"type":"branch","line":47,"loc":{"start":{"line":47,"column":43},"end":{"line":47,"column":69}},"locations":[{"start":{"line":47,"column":43},"end":{"line":47,"column":69}}]},"16":{"type":"branch","line":39,"loc":{"start":{"line":39,"column":17},"end":{"line":39,"column":44}},"locations":[{"start":{"line":39,"column":17},"end":{"line":39,"column":44}}]},"17":{"type":"branch","line":40,"loc":{"start":{"line":40,"column":20},"end":{"line":40,"column":35}},"locations":[{"start":{"line":40,"column":20},"end":{"line":40,"column":35}}]},"18":{"type":"branch","line":41,"loc":{"start":{"line":41,"column":45},"end":{"line":41,"column":73}},"locations":[{"start":{"line":41,"column":45},"end":{"line":41,"column":73}}]}},"b":{"0":[2],"1":[2],"2":[8],"3":[0],"4":[0],"5":[0],"6":[0],"7":[0],"8":[0],"9":[3],"10":[4],"11":[0],"12":[5],"13":[4],"14":[4],"15":[1],"16":[14],"17":[9],"18":[14]},"fnMap":{"0":{"name":"Object.<anonymous>","decl":{"start":{"line":1,"column":0},"end":{"line":63,"column":36}},"loc":{"start":{"line":1,"column":0},"end":{"line":63,"column":36}},"line":1},"1":{"name":"Object.<anonymous>.__decorate","decl":{"start":{"line":2,"column":46},"end":{"line":7,"column":1}},"loc":{"start":{"line":2,"column":46},"end":{"line":7,"column":1}},"line":2},"2":{"name":"Hand","decl":{"start":{"line":13,"column":4},"end":{"line":18,"column":5}},"loc":{"start":{"line":13,"column":4},"end":{"line":18,"column":5}},"line":13},"3":{"name":"addCard","decl":{"start":{"line":19,"column":4},"end":{"line":27,"column":5}},"loc":{"start":{"line":19,"column":4},"end":{"line":27,"column":5}},"line":19},"4":{"name":"clear","decl":{"start":{"line":28,"column":4},"end":{"line":31,"column":5}},"loc":{"start":{"line":28,"column":4},"end":{"line":31,"column":5}},"line":28},"5":{"name":"clearScore","decl":{"start":{"line":32,"column":4},"end":{"line":36,"column":5}},"loc":{"start":{"line":32,"column":4},"end":{"line":36,"column":5}},"line":32},"6":{"name":"calculateScore","decl":{"start":{"line":37,"column":4},"end":{"line":49,"column":5}},"loc":{"start":{"line":37,"column":4},"end":{"line":49,"column":5}},"line":37}},"f":{"0":2,"1":8,"2":3,"3":4,"4":0,"5":0,"6":5}}
,"C:\\Users\\kvu61\\Documents\\Coding\\discord\\hearts-game\\packages\\server\\dist\\entities\\schemas\\cardValues.js": {"path":"C:\\Users\\kvu61\\Documents\\Coding\\discord\\hearts-game\\packages\\server\\dist\\entities\\schemas\\cardValues.js","all":false,"statementMap":{"0":{"start":{"line":1,"column":0},"end":{"line":1,"column":13}},"1":{"start":{"line":2,"column":0},"end":{"line":2,"column":62}},"2":{"start":{"line":3,"column":0},"end":{"line":3,"column":87}},"3":{"start":{"line":4,"column":0},"end":{"line":4,"column":50}},"4":{"start":{"line":5,"column":0},"end":{"line":5,"column":93}},"5":{"start":{"line":6,"column":0},"end":{"line":6,"column":34}},"6":{"start":{"line":7,"column":0},"end":{"line":7,"column":55}},"7":{"start":{"line":8,"column":0},"end":{"line":8,"column":1}},"8":{"start":{"line":9,"column":0},"end":{"line":9,"column":48}}},"s":{"0":2,"1":2,"2":2,"3":2,"4":2,"5":8,"6":8,"7":8,"8":2},"branchMap":{"0":{"type":"branch","line":1,"loc":{"start":{"line":1,"column":0},"end":{"line":9,"column":48}},"locations":[{"start":{"line":1,"column":0},"end":{"line":9,"column":48}}]},"1":{"type":"branch","line":1,"loc":{"start":{"line":1,"column":0},"end":{"line":9,"column":48}},"locations":[{"start":{"line":1,"column":0},"end":{"line":9,"column":48}}]},"2":{"type":"branch","line":6,"loc":{"start":{"line":6,"column":0},"end":{"line":8,"column":1}},"locations":[{"start":{"line":6,"column":0},"end":{"line":8,"column":1}}]}},"b":{"0":[2],"1":[2],"2":[8]},"fnMap":{"0":{"name":"Object.<anonymous>","decl":{"start":{"line":1,"column":0},"end":{"line":9,"column":48}},"loc":{"start":{"line":1,"column":0},"end":{"line":9,"column":48}},"line":1},"1":{"name":"getRandomArrayItem","decl":{"start":{"line":6,"column":0},"end":{"line":8,"column":1}},"loc":{"start":{"line":6,"column":0},"end":{"line":8,"column":1}},"line":6}},"f":{"0":2,"1":8}}
,"C:\\Users\\kvu61\\Documents\\Coding\\discord\\hearts-game\\packages\\server\\src\\game.config.ts": {"path":"C:\\Users\\kvu61\\Documents\\Coding\\discord\\hearts-game\\packages\\server\\src\\game.config.ts","all":false,"statementMap":{"0":{"start":{"line":1,"column":0},"end":{"line":1,"column":16}},"1":{"start":{"line":2,"column":0},"end":{"line":2,"column":18}},"2":{"start":{"line":3,"column":0},"end":{"line":3,"column":20}},"3":{"start":{"line":4,"column":0},"end":{"line":4,"column":2}},"4":{"start":{"line":5,"column":0},"end":{"line":5,"column":25}},"5":{"start":{"line":6,"column":0},"end":{"line":6,"column":29}},"6":{"start":{"line":7,"column":0},"end":{"line":7,"column":29}},"7":{"start":{"line":8,"column":0},"end":{"line":8,"column":32}},"8":{"start":{"line":9,"column":0},"end":{"line":9,"column":32}},"9":{"start":{"line":10,"column":0},"end":{"line":10,"column":26}},"10":{"start":{"line":11,"column":0},"end":{"line":11,"column":28}},"11":{"start":{"line":12,"column":0},"end":{"line":12,"column":32}},"12":{"start":{"line":13,"column":0},"end":{"line":13,"column":33}},"13":{"start":{"line":14,"column":0},"end":{"line":14,"column":2}},"14":{"start":{"line":15,"column":0},"end":{"line":15,"column":14}},"15":{"start":{"line":16,"column":0},"end":{"line":16,"column":17}},"16":{"start":{"line":17,"column":0},"end":{"line":17,"column":30}},"17":{"start":{"line":18,"column":0},"end":{"line":18,"column":25}},"18":{"start":{"line":19,"column":0},"end":{"line":19,"column":2}},"19":{"start":{"line":20,"column":0},"end":{"line":20,"column":59}},"20":{"start":{"line":21,"column":0},"end":{"line":21,"column":19}},"21":{"start":{"line":22,"column":0},"end":{"line":22,"column":23}},"22":{"start":{"line":23,"column":0},"end":{"line":23,"column":23}},"23":{"start":{"line":24,"column":0},"end":{"line":24,"column":4}}},"s":{"0":1,"1":1,"2":1,"3":1,"4":1,"5":1,"6":1,"7":1,"8":1,"9":1,"10":1,"11":1,"12":1,"13":1,"14":1,"15":1,"16":1,"17":1,"18":1,"19":1,"20":1,"21":1,"22":1,"23":1},"branchMap":{},"b":{},"fnMap":{},"f":{}}
,"C:\\Users\\kvu61\\Documents\\Coding\\discord\\hearts-game\\packages\\server\\src\\entities\\GameState.ts": {"path":"C:\\Users\\kvu61\\Documents\\Coding\\discord\\hearts-game\\packages\\server\\src\\entities\\GameState.ts","all":false,"statementMap":{"0":{"start":{"line":1,"column":0},"end":{"line":1,"column":59}},"1":{"start":{"line":2,"column":0},"end":{"line":2,"column":38}},"2":{"start":{"line":3,"column":0},"end":{"line":3,"column":34}},"3":{"start":{"line":4,"column":0},"end":{"line":4,"column":38}},"4":{"start":{"line":5,"column":0},"end":{"line":5,"column":38}},"5":{"start":{"line":6,"column":0},"end":{"line":6,"column":0}},"6":{"start":{"line":7,"column":0},"end":{"line":7,"column":39}},"7":{"start":{"line":8,"column":0},"end":{"line":8,"column":38}},"8":{"start":{"line":9,"column":0},"end":{"line":9,"column":59}},"9":{"start":{"line":10,"column":0},"end":{"line":10,"column":76}},"10":{"start":{"line":11,"column":0},"end":{"line":11,"column":51}},"11":{"start":{"line":12,"column":0},"end":{"line":12,"column":58}},"12":{"start":{"line":13,"column":0},"end":{"line":13,"column":54}},"13":{"start":{"line":14,"column":0},"end":{"line":14,"column":0}},"14":{"start":{"line":15,"column":0},"end":{"line":15,"column":34}},"15":{"start":{"line":16,"column":0},"end":{"line":16,"column":0}},"16":{"start":{"line":17,"column":0},"end":{"line":17,"column":17}},"17":{"start":{"line":18,"column":0},"end":{"line":18,"column":12}},"18":{"start":{"line":19,"column":0},"end":{"line":19,"column":31}},"19":{"start":{"line":20,"column":0},"end":{"line":20,"column":24}},"20":{"start":{"line":21,"column":0},"end":{"line":21,"column":3}},"21":{"start":{"line":22,"column":0},"end":{"line":22,"column":0}},"22":{"start":{"line":23,"column":0},"end":{"line":23,"column":29}},"23":{"start":{"line":24,"column":0},"end":{"line":24,"column":25}},"24":{"start":{"line":25,"column":0},"end":{"line":25,"column":35}},"25":{"start":{"line":26,"column":0},"end":{"line":26,"column":3}},"26":{"start":{"line":27,"column":0},"end":{"line":27,"column":0}},"27":{"start":{"line":28,"column":0},"end":{"line":28,"column":32}},"28":{"start":{"line":29,"column":0},"end":{"line":29,"column":32}},"29":{"start":{"line":30,"column":0},"end":{"line":30,"column":3}},"30":{"start":{"line":31,"column":0},"end":{"line":31,"column":0}},"31":{"start":{"line":32,"column":0},"end":{"line":32,"column":35}},"32":{"start":{"line":33,"column":0},"end":{"line":33,"column":44}},"33":{"start":{"line":34,"column":0},"end":{"line":34,"column":36}},"34":{"start":{"line":35,"column":0},"end":{"line":35,"column":50}},"35":{"start":{"line":36,"column":0},"end":{"line":36,"column":5}},"36":{"start":{"line":37,"column":0},"end":{"line":37,"column":3}},"37":{"start":{"line":38,"column":0},"end":{"line":38,"column":0}},"38":{"start":{"line":39,"column":0},"end":{"line":39,"column":52}},"39":{"start":{"line":40,"column":0},"end":{"line":40,"column":49}},"40":{"start":{"line":41,"column":0},"end":{"line":41,"column":49}},"41":{"start":{"line":42,"column":0},"end":{"line":42,"column":49}},"42":{"start":{"line":43,"column":0},"end":{"line":43,"column":5}},"43":{"start":{"line":44,"column":0},"end":{"line":44,"column":2}},"44":{"start":{"line":45,"column":0},"end":{"line":45,"column":99}},"45":{"start":{"line":46,"column":0},"end":{"line":46,"column":36}},"46":{"start":{"line":47,"column":0},"end":{"line":47,"column":67}},"47":{"start":{"line":48,"column":0},"end":{"line":48,"column":5}},"48":{"start":{"line":49,"column":0},"end":{"line":49,"column":2}},"49":{"start":{"line":50,"column":0},"end":{"line":50,"column":54}},"50":{"start":{"line":51,"column":0},"end":{"line":51,"column":116}},"51":{"start":{"line":52,"column":0},"end":{"line":52,"column":4}},"52":{"start":{"line":53,"column":0},"end":{"line":53,"column":78}},"53":{"start":{"line":54,"column":0},"end":{"line":54,"column":1}},"54":{"start":{"line":55,"column":0},"end":{"line":55,"column":2}},"55":{"start":{"line":56,"column":0},"end":{"line":56,"column":50}},"56":{"start":{"line":57,"column":0},"end":{"line":57,"column":56}},"57":{"start":{"line":58,"column":0},"end":{"line":58,"column":52}},"58":{"start":{"line":59,"column":0},"end":{"line":59,"column":3}},"59":{"start":{"line":60,"column":0},"end":{"line":60,"column":0}},"60":{"start":{"line":61,"column":0},"end":{"line":61,"column":47}},"61":{"start":{"line":62,"column":0},"end":{"line":62,"column":27}},"62":{"start":{"line":63,"column":0},"end":{"line":63,"column":54}},"63":{"start":{"line":64,"column":0},"end":{"line":64,"column":3}},"64":{"start":{"line":65,"column":0},"end":{"line":65,"column":0}},"65":{"start":{"line":66,"column":0},"end":{"line":66,"column":25}},"66":{"start":{"line":67,"column":0},"end":{"line":67,"column":20}},"67":{"start":{"line":68,"column":0},"end":{"line":68,"column":51}},"68":{"start":{"line":69,"column":0},"end":{"line":69,"column":3}},"69":{"start":{"line":70,"column":0},"end":{"line":70,"column":1}}},"s":{"0":1,"1":1,"2":1,"3":1,"4":1,"5":1,"6":1,"7":5,"8":5,"9":5,"10":5,"11":5,"12":5,"13":1,"14":1,"15":1,"16":1,"17":5,"18":5,"19":5,"20":5,"21":1,"22":1,"23":1,"24":0,"25":0,"26":1,"27":1,"28":0,"29":0,"30":1,"31":1,"32":6,"33":6,"34":4,"35":4,"36":6,"37":1,"38":1,"39":5,"40":5,"41":0,"42":0,"43":5,"44":5,"45":5,"46":1,"47":1,"48":4,"49":4,"50":4,"51":4,"52":4,"53":4,"54":1,"55":1,"56":1,"57":0,"58":1,"59":1,"60":1,"61":1,"62":0,"63":1,"64":1,"65":1,"66":1,"67":0,"68":1,"69":1},"branchMap":{"0":{"type":"branch","line":13,"loc":{"start":{"line":13,"column":17},"end":{"line":69,"column":3}},"locations":[{"start":{"line":13,"column":17},"end":{"line":69,"column":3}}]},"1":{"type":"branch","line":17,"loc":{"start":{"line":17,"column":2},"end":{"line":21,"column":3}},"locations":[{"start":{"line":17,"column":2},"end":{"line":21,"column":3}}]},"2":{"type":"branch","line":32,"loc":{"start":{"line":32,"column":2},"end":{"line":37,"column":3}},"locations":[{"start":{"line":32,"column":2},"end":{"line":37,"column":3}}]},"3":{"type":"branch","line":34,"loc":{"start":{"line":34,"column":35},"end":{"line":36,"column":5}},"locations":[{"start":{"line":34,"column":35},"end":{"line":36,"column":5}}]},"4":{"type":"branch","line":39,"loc":{"start":{"line":39,"column":2},"end":{"line":54,"column":1}},"locations":[{"start":{"line":39,"column":2},"end":{"line":54,"column":1}}]},"5":{"type":"branch","line":41,"loc":{"start":{"line":41,"column":48},"end":{"line":43,"column":5}},"locations":[{"start":{"line":41,"column":48},"end":{"line":43,"column":5}}]},"6":{"type":"branch","line":46,"loc":{"start":{"line":46,"column":35},"end":{"line":48,"column":5}},"locations":[{"start":{"line":46,"column":35},"end":{"line":48,"column":5}}]},"7":{"type":"branch","line":48,"loc":{"start":{"line":48,"column":4},"end":{"line":54,"column":1}},"locations":[{"start":{"line":48,"column":4},"end":{"line":54,"column":1}}]},"8":{"type":"branch","line":51,"loc":{"start":{"line":51,"column":59},"end":{"line":51,"column":115}},"locations":[{"start":{"line":51,"column":59},"end":{"line":51,"column":115}}]},"9":{"type":"branch","line":7,"loc":{"start":{"line":7,"column":37},"end":{"line":8,"column":38}},"locations":[{"start":{"line":7,"column":37},"end":{"line":8,"column":38}}]},"10":{"type":"branch","line":8,"loc":{"start":{"line":8,"column":37},"end":{"line":9,"column":59}},"locations":[{"start":{"line":8,"column":37},"end":{"line":9,"column":59}}]},"11":{"type":"branch","line":9,"loc":{"start":{"line":9,"column":58},"end":{"line":10,"column":76}},"locations":[{"start":{"line":9,"column":58},"end":{"line":10,"column":76}}]},"12":{"type":"branch","line":10,"loc":{"start":{"line":10,"column":75},"end":{"line":11,"column":51}},"locations":[{"start":{"line":10,"column":75},"end":{"line":11,"column":51}}]},"13":{"type":"branch","line":11,"loc":{"start":{"line":11,"column":50},"end":{"line":12,"column":58}},"locations":[{"start":{"line":11,"column":50},"end":{"line":12,"column":58}}]},"14":{"type":"branch","line":12,"loc":{"start":{"line":12,"column":57},"end":{"line":13,"column":54}},"locations":[{"start":{"line":12,"column":57},"end":{"line":13,"column":54}}]}},"b":{"0":[1],"1":[5],"2":[6],"3":[4],"4":[5],"5":[0],"6":[1],"7":[4],"8":[10],"9":[5],"10":[5],"11":[5],"12":[5],"13":[5],"14":[5]},"fnMap":{"0":{"name":"GameState","decl":{"start":{"line":17,"column":2},"end":{"line":21,"column":3}},"loc":{"start":{"line":17,"column":2},"end":{"line":21,"column":3}},"line":17},"1":{"name":"getDeckSize","decl":{"start":{"line":24,"column":2},"end":{"line":26,"column":3}},"loc":{"start":{"line":24,"column":2},"end":{"line":26,"column":3}},"line":24},"2":{"name":"dealCard","decl":{"start":{"line":28,"column":2},"end":{"line":30,"column":3}},"loc":{"start":{"line":28,"column":2},"end":{"line":30,"column":3}},"line":28},"3":{"name":"addPlayer","decl":{"start":{"line":32,"column":2},"end":{"line":37,"column":3}},"loc":{"start":{"line":32,"column":2},"end":{"line":37,"column":3}},"line":32},"4":{"name":"determineCurrentTurnPlayer","decl":{"start":{"line":39,"column":2},"end":{"line":54,"column":1}},"loc":{"start":{"line":39,"column":2},"end":{"line":54,"column":1}},"line":39},"5":{"name":"handlePlayerAction","decl":{"start":{"line":57,"column":2},"end":{"line":58,"column":52}},"loc":{"start":{"line":57,"column":2},"end":{"line":58,"column":52}},"line":57},"6":{"name":"determineRoundOutcome","decl":{"start":{"line":62,"column":2},"end":{"line":63,"column":54}},"loc":{"start":{"line":62,"column":2},"end":{"line":63,"column":54}},"line":62},"7":{"name":"startNextRound","decl":{"start":{"line":67,"column":2},"end":{"line":68,"column":51}},"loc":{"start":{"line":67,"column":2},"end":{"line":68,"column":51}},"line":67},"8":{"name":"initializer","decl":{"start":{"line":7,"column":37},"end":{"line":8,"column":38}},"loc":{"start":{"line":7,"column":37},"end":{"line":8,"column":38}},"line":7},"9":{"name":"initializer","decl":{"start":{"line":8,"column":37},"end":{"line":9,"column":59}},"loc":{"start":{"line":8,"column":37},"end":{"line":9,"column":59}},"line":8},"10":{"name":"initializer","decl":{"start":{"line":9,"column":58},"end":{"line":10,"column":76}},"loc":{"start":{"line":9,"column":58},"end":{"line":10,"column":76}},"line":9},"11":{"name":"initializer","decl":{"start":{"line":10,"column":75},"end":{"line":11,"column":51}},"loc":{"start":{"line":10,"column":75},"end":{"line":11,"column":51}},"line":10},"12":{"name":"initializer","decl":{"start":{"line":11,"column":50},"end":{"line":12,"column":58}},"loc":{"start":{"line":11,"column":50},"end":{"line":12,"column":58}},"line":11},"13":{"name":"initializer","decl":{"start":{"line":12,"column":57},"end":{"line":13,"column":54}},"loc":{"start":{"line":12,"column":57},"end":{"line":13,"column":54}},"line":12}},"f":{"0":5,"1":0,"2":0,"3":6,"4":5,"5":0,"6":0,"7":0,"8":5,"9":5,"10":5,"11":5,"12":5,"13":5}}
,"C:\\Users\\kvu61\\Documents\\Coding\\discord\\hearts-game\\packages\\server\\src\\entities\\Player.ts": {"path":"C:\\Users\\kvu61\\Documents\\Coding\\discord\\hearts-game\\packages\\server\\src\\entities\\Player.ts","all":false,"statementMap":{"0":{"start":{"line":1,"column":0},"end":{"line":1,"column":48}},"1":{"start":{"line":2,"column":0},"end":{"line":2,"column":38}},"2":{"start":{"line":3,"column":0},"end":{"line":3,"column":40}},"3":{"start":{"line":4,"column":0},"end":{"line":4,"column":0}},"4":{"start":{"line":5,"column":0},"end":{"line":5,"column":90}},"5":{"start":{"line":6,"column":0},"end":{"line":6,"column":0}},"6":{"start":{"line":7,"column":0},"end":{"line":7,"column":36}},"7":{"start":{"line":8,"column":0},"end":{"line":8,"column":43}},"8":{"start":{"line":9,"column":0},"end":{"line":9,"column":40}},"9":{"start":{"line":10,"column":0},"end":{"line":10,"column":43}},"10":{"start":{"line":11,"column":0},"end":{"line":11,"column":38}},"11":{"start":{"line":12,"column":0},"end":{"line":12,"column":0}},"12":{"start":{"line":13,"column":0},"end":{"line":13,"column":33}},"13":{"start":{"line":14,"column":0},"end":{"line":14,"column":62}},"14":{"start":{"line":15,"column":0},"end":{"line":15,"column":95}},"15":{"start":{"line":16,"column":0},"end":{"line":16,"column":89}},"16":{"start":{"line":17,"column":0},"end":{"line":17,"column":84}},"17":{"start":{"line":18,"column":0},"end":{"line":18,"column":89}},"18":{"start":{"line":19,"column":0},"end":{"line":19,"column":96}},"19":{"start":{"line":20,"column":0},"end":{"line":20,"column":0}},"20":{"start":{"line":21,"column":0},"end":{"line":21,"column":9}},"21":{"start":{"line":22,"column":0},"end":{"line":22,"column":71}},"22":{"start":{"line":23,"column":0},"end":{"line":23,"column":12}},"23":{"start":{"line":24,"column":0},"end":{"line":24,"column":25}},"24":{"start":{"line":25,"column":0},"end":{"line":25,"column":31}},"25":{"start":{"line":26,"column":0},"end":{"line":26,"column":21}},"26":{"start":{"line":27,"column":0},"end":{"line":27,"column":31}},"27":{"start":{"line":28,"column":0},"end":{"line":28,"column":3}},"28":{"start":{"line":29,"column":0},"end":{"line":29,"column":1}}},"s":{"0":1,"1":1,"2":1,"3":1,"4":1,"5":1,"6":1,"7":6,"8":6,"9":6,"10":6,"11":6,"12":6,"13":1,"14":1,"15":1,"16":1,"17":1,"18":1,"19":1,"20":1,"21":1,"22":6,"23":6,"24":6,"25":6,"26":6,"27":6,"28":1},"branchMap":{"0":{"type":"branch","line":19,"loc":{"start":{"line":19,"column":17},"end":{"line":28,"column":3}},"locations":[{"start":{"line":19,"column":17},"end":{"line":28,"column":3}}]},"1":{"type":"branch","line":22,"loc":{"start":{"line":22,"column":2},"end":{"line":28,"column":3}},"locations":[{"start":{"line":22,"column":2},"end":{"line":28,"column":3}}]},"2":{"type":"branch","line":7,"loc":{"start":{"line":7,"column":34},"end":{"line":14,"column":33}},"locations":[{"start":{"line":7,"column":34},"end":{"line":14,"column":33}}]},"3":{"type":"branch","line":14,"loc":{"start":{"line":14,"column":31},"end":{"line":15,"column":65}},"locations":[{"start":{"line":14,"column":31},"end":{"line":15,"column":65}}]},"4":{"type":"branch","line":15,"loc":{"start":{"line":15,"column":63},"end":{"line":16,"column":61}},"locations":[{"start":{"line":15,"column":63},"end":{"line":16,"column":61}}]},"5":{"type":"branch","line":16,"loc":{"start":{"line":16,"column":59},"end":{"line":17,"column":43}},"locations":[{"start":{"line":16,"column":59},"end":{"line":17,"column":43}}]},"6":{"type":"branch","line":17,"loc":{"start":{"line":17,"column":41},"end":{"line":18,"column":47}},"locations":[{"start":{"line":17,"column":41},"end":{"line":18,"column":47}}]},"7":{"type":"branch","line":18,"loc":{"start":{"line":18,"column":45},"end":{"line":19,"column":45}},"locations":[{"start":{"line":18,"column":45},"end":{"line":19,"column":45}}]}},"b":{"0":[1],"1":[6],"2":[6],"3":[6],"4":[6],"5":[6],"6":[6],"7":[6]},"fnMap":{"0":{"name":"Player","decl":{"start":{"line":22,"column":2},"end":{"line":28,"column":3}},"loc":{"start":{"line":22,"column":2},"end":{"line":28,"column":3}},"line":22},"1":{"name":"initializer","decl":{"start":{"line":7,"column":34},"end":{"line":14,"column":33}},"loc":{"start":{"line":7,"column":34},"end":{"line":14,"column":33}},"line":7},"2":{"name":"initializer","decl":{"start":{"line":14,"column":31},"end":{"line":15,"column":65}},"loc":{"start":{"line":14,"column":31},"end":{"line":15,"column":65}},"line":14},"3":{"name":"initializer","decl":{"start":{"line":15,"column":63},"end":{"line":16,"column":61}},"loc":{"start":{"line":15,"column":63},"end":{"line":16,"column":61}},"line":15},"4":{"name":"initializer","decl":{"start":{"line":16,"column":59},"end":{"line":17,"column":43}},"loc":{"start":{"line":16,"column":59},"end":{"line":17,"column":43}},"line":16},"5":{"name":"initializer","decl":{"start":{"line":17,"column":41},"end":{"line":18,"column":47}},"loc":{"start":{"line":17,"column":41},"end":{"line":18,"column":47}},"line":17},"6":{"name":"initializer","decl":{"start":{"line":18,"column":45},"end":{"line":19,"column":45}},"loc":{"start":{"line":18,"column":45},"end":{"line":19,"column":45}},"line":18}},"f":{"0":6,"1":6,"2":6,"3":6,"4":6,"5":6,"6":6}}
,"C:\\Users\\kvu61\\Documents\\Coding\\discord\\hearts-game\\packages\\server\\src\\entities\\schemas\\Card.ts": {"path":"C:\\Users\\kvu61\\Documents\\Coding\\discord\\hearts-game\\packages\\server\\src\\entities\\schemas\\Card.ts","all":false,"statementMap":{"0":{"start":{"line":1,"column":0},"end":{"line":1,"column":56}},"1":{"start":{"line":2,"column":0},"end":{"line":2,"column":40}},"2":{"start":{"line":3,"column":0},"end":{"line":3,"column":83}},"3":{"start":{"line":4,"column":0},"end":{"line":4,"column":0}},"4":{"start":{"line":5,"column":0},"end":{"line":5,"column":34}},"5":{"start":{"line":6,"column":0},"end":{"line":6,"column":38}},"6":{"start":{"line":7,"column":0},"end":{"line":7,"column":0}},"7":{"start":{"line":8,"column":0},"end":{"line":8,"column":35}},"8":{"start":{"line":9,"column":0},"end":{"line":9,"column":26}},"9":{"start":{"line":10,"column":0},"end":{"line":10,"column":6}},"10":{"start":{"line":11,"column":0},"end":{"line":11,"column":62}},"11":{"start":{"line":12,"column":0},"end":{"line":12,"column":0}},"12":{"start":{"line":13,"column":0},"end":{"line":13,"column":33}},"13":{"start":{"line":14,"column":0},"end":{"line":14,"column":14}},"14":{"start":{"line":15,"column":0},"end":{"line":15,"column":0}},"15":{"start":{"line":16,"column":0},"end":{"line":16,"column":29}},"16":{"start":{"line":17,"column":0},"end":{"line":17,"column":0}},"17":{"start":{"line":18,"column":0},"end":{"line":18,"column":48}},"18":{"start":{"line":19,"column":0},"end":{"line":19,"column":35}},"19":{"start":{"line":20,"column":0},"end":{"line":20,"column":59}},"20":{"start":{"line":21,"column":0},"end":{"line":21,"column":61}},"21":{"start":{"line":22,"column":0},"end":{"line":22,"column":5}},"22":{"start":{"line":23,"column":0},"end":{"line":23,"column":1}}},"s":{"0":1,"1":1,"2":1,"3":1,"4":1,"5":1,"6":1,"7":1,"8":0,"9":0,"10":1,"11":1,"12":1,"13":520,"14":520,"15":520,"16":520,"17":520,"18":520,"19":520,"20":520,"21":520,"22":1},"branchMap":{"0":{"type":"branch","line":11,"loc":{"start":{"line":11,"column":20},"end":{"line":22,"column":5}},"locations":[{"start":{"line":11,"column":20},"end":{"line":22,"column":5}}]},"1":{"type":"branch","line":13,"loc":{"start":{"line":13,"column":4},"end":{"line":22,"column":5}},"locations":[{"start":{"line":13,"column":4},"end":{"line":22,"column":5}}]},"2":{"type":"branch","line":13,"loc":{"start":{"line":13,"column":23},"end":{"line":13,"column":30}},"locations":[{"start":{"line":13,"column":23},"end":{"line":13,"column":30}}]}},"b":{"0":[1],"1":[520],"2":[0]},"fnMap":{"0":{"name":"Card","decl":{"start":{"line":13,"column":4},"end":{"line":22,"column":5}},"loc":{"start":{"line":13,"column":4},"end":{"line":22,"column":5}},"line":13}},"f":{"0":520}}
,"C:\\Users\\kvu61\\Documents\\Coding\\discord\\hearts-game\\packages\\server\\src\\entities\\schemas\\CardValue.ts": {"path":"C:\\Users\\kvu61\\Documents\\Coding\\discord\\hearts-game\\packages\\server\\src\\entities\\schemas\\CardValue.ts","all":false,"statementMap":{"0":{"start":{"line":1,"column":0},"end":{"line":1,"column":48}},"1":{"start":{"line":2,"column":0},"end":{"line":2,"column":0}},"2":{"start":{"line":3,"column":0},"end":{"line":3,"column":39}},"3":{"start":{"line":4,"column":0},"end":{"line":4,"column":33}},"4":{"start":{"line":5,"column":0},"end":{"line":5,"column":34}},"5":{"start":{"line":6,"column":0},"end":{"line":6,"column":2}},"6":{"start":{"line":7,"column":0},"end":{"line":7,"column":31}},"7":{"start":{"line":8,"column":0},"end":{"line":8,"column":39}},"8":{"start":{"line":9,"column":0},"end":{"line":9,"column":47}},"9":{"start":{"line":10,"column":0},"end":{"line":10,"column":32}},"10":{"start":{"line":11,"column":0},"end":{"line":11,"column":5}},"11":{"start":{"line":12,"column":0},"end":{"line":12,"column":1}}},"s":{"0":1,"1":1,"2":1,"3":1,"4":1,"5":1,"6":1,"7":0,"8":0,"9":0,"10":0,"11":1},"branchMap":{"0":{"type":"branch","line":5,"loc":{"start":{"line":5,"column":19},"end":{"line":11,"column":5}},"locations":[{"start":{"line":5,"column":19},"end":{"line":11,"column":5}}]},"1":{"type":"branch","line":5,"loc":{"start":{"line":5,"column":19},"end":{"line":5,"column":34}},"locations":[{"start":{"line":5,"column":19},"end":{"line":5,"column":34}}]},"2":{"type":"branch","line":5,"loc":{"start":{"line":5,"column":19},"end":{"line":5,"column":34}},"locations":[{"start":{"line":5,"column":19},"end":{"line":5,"column":34}}]}},"b":{"0":[1],"1":[1040],"2":[0]},"fnMap":{"0":{"name":"CardValue","decl":{"start":{"line":5,"column":19},"end":{"line":5,"column":34}},"loc":{"start":{"line":5,"column":19},"end":{"line":5,"column":34}},"line":5},"1":{"name":"get","decl":{"start":{"line":7,"column":4},"end":{"line":11,"column":5}},"loc":{"start":{"line":7,"column":4},"end":{"line":11,"column":5}},"line":7}},"f":{"0":1040,"1":0}}
,"C:\\Users\\kvu61\\Documents\\Coding\\discord\\hearts-game\\packages\\server\\src\\entities\\schemas\\Deck.ts": {"path":"C:\\Users\\kvu61\\Documents\\Coding\\discord\\hearts-game\\packages\\server\\src\\entities\\schemas\\Deck.ts","all":false,"statementMap":{"0":{"start":{"line":1,"column":0},"end":{"line":1,"column":30}},"1":{"start":{"line":2,"column":0},"end":{"line":2,"column":40}},"2":{"start":{"line":3,"column":0},"end":{"line":3,"column":63}},"3":{"start":{"line":4,"column":0},"end":{"line":4,"column":0}},"4":{"start":{"line":5,"column":0},"end":{"line":5,"column":19}},"5":{"start":{"line":6,"column":0},"end":{"line":6,"column":16}},"6":{"start":{"line":7,"column":0},"end":{"line":7,"column":0}},"7":{"start":{"line":8,"column":0},"end":{"line":8,"column":19}},"8":{"start":{"line":9,"column":0},"end":{"line":9,"column":24}},"9":{"start":{"line":10,"column":0},"end":{"line":10,"column":30}},"10":{"start":{"line":11,"column":0},"end":{"line":11,"column":5}},"11":{"start":{"line":12,"column":0},"end":{"line":12,"column":0}},"12":{"start":{"line":13,"column":0},"end":{"line":13,"column":46}},"13":{"start":{"line":14,"column":0},"end":{"line":14,"column":22}},"14":{"start":{"line":15,"column":0},"end":{"line":15,"column":44}},"15":{"start":{"line":16,"column":0},"end":{"line":16,"column":50}},"16":{"start":{"line":17,"column":0},"end":{"line":17,"column":46}},"17":{"start":{"line":18,"column":0},"end":{"line":18,"column":34}},"18":{"start":{"line":19,"column":0},"end":{"line":19,"column":36}},"19":{"start":{"line":20,"column":0},"end":{"line":20,"column":4}},"20":{"start":{"line":21,"column":0},"end":{"line":21,"column":82}},"21":{"start":{"line":22,"column":0},"end":{"line":22,"column":35}},"22":{"start":{"line":23,"column":0},"end":{"line":23,"column":4}},"23":{"start":{"line":24,"column":0},"end":{"line":24,"column":34}},"24":{"start":{"line":25,"column":0},"end":{"line":25,"column":13}},"25":{"start":{"line":26,"column":0},"end":{"line":26,"column":9}},"26":{"start":{"line":27,"column":0},"end":{"line":27,"column":5}},"27":{"start":{"line":28,"column":0},"end":{"line":28,"column":0}},"28":{"start":{"line":29,"column":0},"end":{"line":29,"column":23}},"29":{"start":{"line":30,"column":0},"end":{"line":30,"column":15}},"30":{"start":{"line":31,"column":0},"end":{"line":31,"column":57}},"31":{"start":{"line":32,"column":0},"end":{"line":32,"column":54}},"32":{"start":{"line":33,"column":0},"end":{"line":33,"column":72}},"33":{"start":{"line":34,"column":0},"end":{"line":34,"column":9}},"34":{"start":{"line":35,"column":0},"end":{"line":35,"column":5}},"35":{"start":{"line":36,"column":0},"end":{"line":36,"column":0}},"36":{"start":{"line":37,"column":0},"end":{"line":37,"column":31}},"37":{"start":{"line":38,"column":0},"end":{"line":38,"column":27}},"38":{"start":{"line":39,"column":0},"end":{"line":39,"column":33}},"39":{"start":{"line":40,"column":0},"end":{"line":40,"column":5}},"40":{"start":{"line":41,"column":0},"end":{"line":41,"column":0}},"41":{"start":{"line":42,"column":0},"end":{"line":42,"column":43}},"42":{"start":{"line":43,"column":0},"end":{"line":43,"column":34}},"43":{"start":{"line":44,"column":0},"end":{"line":44,"column":32}},"44":{"start":{"line":45,"column":0},"end":{"line":45,"column":5}},"45":{"start":{"line":46,"column":0},"end":{"line":46,"column":1}}},"s":{"0":1,"1":1,"2":1,"3":1,"4":1,"5":1,"6":1,"7":1,"8":5,"9":5,"10":5,"11":1,"12":1,"13":1,"14":10,"15":40,"16":520,"17":520,"18":520,"19":520,"20":520,"21":520,"22":520,"23":520,"24":520,"25":40,"26":10,"27":1,"28":1,"29":1,"30":5,"31":515,"32":515,"33":515,"34":5,"35":1,"36":1,"37":1,"38":0,"39":0,"40":1,"41":1,"42":1,"43":0,"44":0,"45":1},"branchMap":{"0":{"type":"branch","line":5,"loc":{"start":{"line":5,"column":17},"end":{"line":45,"column":5}},"locations":[{"start":{"line":5,"column":17},"end":{"line":45,"column":5}}]},"1":{"type":"branch","line":8,"loc":{"start":{"line":8,"column":4},"end":{"line":11,"column":5}},"locations":[{"start":{"line":8,"column":4},"end":{"line":11,"column":5}}]},"2":{"type":"branch","line":14,"loc":{"start":{"line":14,"column":4},"end":{"line":27,"column":5}},"locations":[{"start":{"line":14,"column":4},"end":{"line":27,"column":5}}]},"3":{"type":"branch","line":15,"loc":{"start":{"line":15,"column":43},"end":{"line":26,"column":9}},"locations":[{"start":{"line":15,"column":43},"end":{"line":26,"column":9}}]},"4":{"type":"branch","line":16,"loc":{"start":{"line":16,"column":49},"end":{"line":25,"column":13}},"locations":[{"start":{"line":16,"column":49},"end":{"line":25,"column":13}}]},"5":{"type":"branch","line":30,"loc":{"start":{"line":30,"column":4},"end":{"line":35,"column":5}},"locations":[{"start":{"line":30,"column":4},"end":{"line":35,"column":5}}]},"6":{"type":"branch","line":31,"loc":{"start":{"line":31,"column":56},"end":{"line":34,"column":9}},"locations":[{"start":{"line":31,"column":56},"end":{"line":34,"column":9}}]}},"b":{"0":[1],"1":[5],"2":[10],"3":[40],"4":[520],"5":[5],"6":[515]},"fnMap":{"0":{"name":"Deck","decl":{"start":{"line":8,"column":4},"end":{"line":11,"column":5}},"loc":{"start":{"line":8,"column":4},"end":{"line":11,"column":5}},"line":8},"1":{"name":"initializeDeck","decl":{"start":{"line":14,"column":4},"end":{"line":27,"column":5}},"loc":{"start":{"line":14,"column":4},"end":{"line":27,"column":5}},"line":14},"2":{"name":"shuffle","decl":{"start":{"line":30,"column":4},"end":{"line":35,"column":5}},"loc":{"start":{"line":30,"column":4},"end":{"line":35,"column":5}},"line":30},"3":{"name":"getDeckSize","decl":{"start":{"line":38,"column":4},"end":{"line":40,"column":5}},"loc":{"start":{"line":38,"column":4},"end":{"line":40,"column":5}},"line":38},"4":{"name":"dealCard","decl":{"start":{"line":43,"column":4},"end":{"line":45,"column":5}},"loc":{"start":{"line":43,"column":4},"end":{"line":45,"column":5}},"line":43}},"f":{"0":5,"1":10,"2":5,"3":0,"4":0}}
,"C:\\Users\\kvu61\\Documents\\Coding\\discord\\hearts-game\\packages\\server\\src\\entities\\schemas\\Hand.ts": {"path":"C:\\Users\\kvu61\\Documents\\Coding\\discord\\hearts-game\\packages\\server\\src\\entities\\schemas\\Hand.ts","all":false,"statementMap":{"0":{"start":{"line":1,"column":0},"end":{"line":1,"column":61}},"1":{"start":{"line":2,"column":0},"end":{"line":2,"column":30}},"2":{"start":{"line":3,"column":0},"end":{"line":3,"column":40}},"3":{"start":{"line":4,"column":0},"end":{"line":4,"column":0}},"4":{"start":{"line":5,"column":0},"end":{"line":5,"column":34}},"5":{"start":{"line":6,"column":0},"end":{"line":6,"column":34}},"6":{"start":{"line":7,"column":0},"end":{"line":7,"column":50}},"7":{"start":{"line":8,"column":0},"end":{"line":8,"column":47}},"8":{"start":{"line":9,"column":0},"end":{"line":9,"column":50}},"9":{"start":{"line":10,"column":0},"end":{"line":10,"column":2}},"10":{"start":{"line":11,"column":0},"end":{"line":11,"column":58}},"11":{"start":{"line":12,"column":0},"end":{"line":12,"column":39}},"12":{"start":{"line":13,"column":0},"end":{"line":13,"column":53}},"13":{"start":{"line":14,"column":0},"end":{"line":14,"column":30}},"14":{"start":{"line":15,"column":0},"end":{"line":15,"column":49}},"15":{"start":{"line":16,"column":0},"end":{"line":16,"column":35}},"16":{"start":{"line":17,"column":0},"end":{"line":17,"column":5}},"17":{"start":{"line":18,"column":0},"end":{"line":18,"column":2}},"18":{"start":{"line":19,"column":0},"end":{"line":19,"column":20}},"19":{"start":{"line":20,"column":0},"end":{"line":20,"column":25}},"20":{"start":{"line":21,"column":0},"end":{"line":21,"column":24}},"21":{"start":{"line":22,"column":0},"end":{"line":22,"column":5}},"22":{"start":{"line":23,"column":0},"end":{"line":23,"column":2}},"23":{"start":{"line":24,"column":0},"end":{"line":24,"column":26}},"24":{"start":{"line":25,"column":0},"end":{"line":25,"column":21}},"25":{"start":{"line":26,"column":0},"end":{"line":26,"column":31}},"26":{"start":{"line":27,"column":0},"end":{"line":27,"column":28}},"27":{"start":{"line":28,"column":0},"end":{"line":28,"column":5}},"28":{"start":{"line":29,"column":0},"end":{"line":29,"column":2}},"29":{"start":{"line":30,"column":0},"end":{"line":30,"column":29}},"30":{"start":{"line":31,"column":0},"end":{"line":31,"column":33}},"31":{"start":{"line":32,"column":0},"end":{"line":32,"column":44}},"32":{"start":{"line":33,"column":0},"end":{"line":33,"column":35}},"33":{"start":{"line":34,"column":0},"end":{"line":34,"column":6}},"34":{"start":{"line":35,"column":0},"end":{"line":35,"column":83}},"35":{"start":{"line":36,"column":0},"end":{"line":36,"column":51}},"36":{"start":{"line":37,"column":0},"end":{"line":37,"column":25}},"37":{"start":{"line":38,"column":0},"end":{"line":38,"column":25}},"38":{"start":{"line":39,"column":0},"end":{"line":39,"column":9}},"39":{"start":{"line":40,"column":0},"end":{"line":40,"column":6}},"40":{"start":{"line":41,"column":0},"end":{"line":41,"column":30}},"41":{"start":{"line":42,"column":0},"end":{"line":42,"column":70}},"42":{"start":{"line":43,"column":0},"end":{"line":43,"column":38}},"43":{"start":{"line":44,"column":0},"end":{"line":44,"column":7}},"44":{"start":{"line":45,"column":0},"end":{"line":45,"column":3}}},"s":{"0":1,"1":1,"2":1,"3":1,"4":1,"5":11,"6":11,"7":11,"8":11,"9":1,"10":1,"11":0,"12":0,"13":0,"14":0,"15":0,"16":0,"17":1,"18":1,"19":0,"20":0,"21":0,"22":1,"23":1,"24":0,"25":0,"26":0,"27":0,"28":1,"29":1,"30":0,"31":0,"32":0,"33":0,"34":0,"35":0,"36":0,"37":0,"38":0,"39":0,"40":0,"41":0,"42":0,"43":0,"44":1},"branchMap":{"0":{"type":"branch","line":9,"loc":{"start":{"line":9,"column":17},"end":{"line":44,"column":7}},"locations":[{"start":{"line":9,"column":17},"end":{"line":44,"column":7}}]},"1":{"type":"branch","line":9,"loc":{"start":{"line":9,"column":17},"end":{"line":9,"column":26}},"locations":[{"start":{"line":9,"column":17},"end":{"line":9,"column":26}}]},"2":{"type":"branch","line":9,"loc":{"start":{"line":9,"column":17},"end":{"line":9,"column":26}},"locations":[{"start":{"line":9,"column":17},"end":{"line":9,"column":26}}]},"3":{"type":"branch","line":5,"loc":{"start":{"line":5,"column":32},"end":{"line":7,"column":50}},"locations":[{"start":{"line":5,"column":32},"end":{"line":7,"column":50}}]},"4":{"type":"branch","line":7,"loc":{"start":{"line":7,"column":49},"end":{"line":8,"column":47}},"locations":[{"start":{"line":7,"column":49},"end":{"line":8,"column":47}}]},"5":{"type":"branch","line":8,"loc":{"start":{"line":8,"column":46},"end":{"line":9,"column":50}},"locations":[{"start":{"line":8,"column":46},"end":{"line":9,"column":50}}]}},"b":{"0":[1],"1":[11],"2":[0],"3":[11],"4":[11],"5":[11]},"fnMap":{"0":{"name":"Hand","decl":{"start":{"line":9,"column":17},"end":{"line":9,"column":26}},"loc":{"start":{"line":9,"column":17},"end":{"line":9,"column":26}},"line":9},"1":{"name":"addCard","decl":{"start":{"line":11,"column":4},"end":{"line":17,"column":5}},"loc":{"start":{"line":11,"column":4},"end":{"line":17,"column":5}},"line":11},"2":{"name":"clear","decl":{"start":{"line":19,"column":4},"end":{"line":22,"column":5}},"loc":{"start":{"line":19,"column":4},"end":{"line":22,"column":5}},"line":19},"3":{"name":"clearScore","decl":{"start":{"line":24,"column":4},"end":{"line":28,"column":5}},"loc":{"start":{"line":24,"column":4},"end":{"line":28,"column":5}},"line":24},"4":{"name":"calculateScore","decl":{"start":{"line":30,"column":4},"end":{"line":44,"column":7}},"loc":{"start":{"line":30,"column":4},"end":{"line":44,"column":7}},"line":30},"5":{"name":"initializer","decl":{"start":{"line":5,"column":32},"end":{"line":7,"column":50}},"loc":{"start":{"line":5,"column":32},"end":{"line":7,"column":50}},"line":5},"6":{"name":"initializer","decl":{"start":{"line":7,"column":49},"end":{"line":8,"column":47}},"loc":{"start":{"line":7,"column":49},"end":{"line":8,"column":47}},"line":7},"7":{"name":"initializer","decl":{"start":{"line":8,"column":46},"end":{"line":9,"column":50}},"loc":{"start":{"line":8,"column":46},"end":{"line":9,"column":50}},"line":8}},"f":{"0":11,"1":0,"2":0,"3":0,"4":0,"5":11,"6":11,"7":11}}
,"C:\\Users\\kvu61\\Documents\\Coding\\discord\\hearts-game\\packages\\server\\src\\entities\\schemas\\cardValues.ts": {"path":"C:\\Users\\kvu61\\Documents\\Coding\\discord\\hearts-game\\packages\\server\\src\\entities\\schemas\\cardValues.ts","all":false,"statementMap":{"0":{"start":{"line":1,"column":0},"end":{"line":1,"column":55}},"1":{"start":{"line":2,"column":0},"end":{"line":2,"column":98}},"2":{"start":{"line":3,"column":0},"end":{"line":3,"column":0}},"3":{"start":{"line":4,"column":0},"end":{"line":4,"column":61}},"4":{"start":{"line":5,"column":0},"end":{"line":5,"column":53}},"5":{"start":{"line":6,"column":0},"end":{"line":6,"column":1}}},"s":{"0":1,"1":1,"2":1,"3":1,"4":1040,"5":1040},"branchMap":{"0":{"type":"branch","line":4,"loc":{"start":{"line":4,"column":7},"end":{"line":6,"column":1}},"locations":[{"start":{"line":4,"column":7},"end":{"line":6,"column":1}}]}},"b":{"0":[1040]},"fnMap":{"0":{"name":"getRandomArrayItem","decl":{"start":{"line":4,"column":7},"end":{"line":6,"column":1}},"loc":{"start":{"line":4,"column":7},"end":{"line":6,"column":1}},"line":4}},"f":{"0":1040}}
}
