{"C:\\Users\\kvu61\\Documents\\Coding\\discord\\hearts-game\\packages\\server\\src\\entities\\schemas\\Card.ts": {"path":"C:\\Users\\kvu61\\Documents\\Coding\\discord\\hearts-game\\packages\\server\\src\\entities\\schemas\\Card.ts","all":false,"statementMap":{"0":{"start":{"line":1,"column":0},"end":{"line":1,"column":56}},"1":{"start":{"line":2,"column":0},"end":{"line":2,"column":40}},"2":{"start":{"line":3,"column":0},"end":{"line":3,"column":83}},"3":{"start":{"line":4,"column":0},"end":{"line":4,"column":0}},"4":{"start":{"line":5,"column":0},"end":{"line":5,"column":34}},"5":{"start":{"line":6,"column":0},"end":{"line":6,"column":38}},"6":{"start":{"line":7,"column":0},"end":{"line":7,"column":0}},"7":{"start":{"line":8,"column":0},"end":{"line":8,"column":35}},"8":{"start":{"line":9,"column":0},"end":{"line":9,"column":26}},"9":{"start":{"line":10,"column":0},"end":{"line":10,"column":6}},"10":{"start":{"line":11,"column":0},"end":{"line":11,"column":62}},"11":{"start":{"line":12,"column":0},"end":{"line":12,"column":0}},"12":{"start":{"line":13,"column":0},"end":{"line":13,"column":33}},"13":{"start":{"line":14,"column":0},"end":{"line":14,"column":14}},"14":{"start":{"line":15,"column":0},"end":{"line":15,"column":0}},"15":{"start":{"line":16,"column":0},"end":{"line":16,"column":29}},"16":{"start":{"line":17,"column":0},"end":{"line":17,"column":0}},"17":{"start":{"line":18,"column":0},"end":{"line":18,"column":48}},"18":{"start":{"line":19,"column":0},"end":{"line":19,"column":35}},"19":{"start":{"line":20,"column":0},"end":{"line":20,"column":59}},"20":{"start":{"line":21,"column":0},"end":{"line":21,"column":61}},"21":{"start":{"line":22,"column":0},"end":{"line":22,"column":5}},"22":{"start":{"line":23,"column":0},"end":{"line":23,"column":1}}},"s":{"0":1,"1":1,"2":1,"3":1,"4":1,"5":1,"6":1,"7":1,"8":0,"9":0,"10":1,"11":1,"12":1,"13":4,"14":4,"15":4,"16":4,"17":4,"18":4,"19":4,"20":4,"21":4,"22":1},"branchMap":{"0":{"type":"branch","line":11,"loc":{"start":{"line":11,"column":20},"end":{"line":22,"column":5}},"locations":[{"start":{"line":11,"column":20},"end":{"line":22,"column":5}}]},"1":{"type":"branch","line":13,"loc":{"start":{"line":13,"column":4},"end":{"line":22,"column":5}},"locations":[{"start":{"line":13,"column":4},"end":{"line":22,"column":5}}]},"2":{"type":"branch","line":13,"loc":{"start":{"line":13,"column":23},"end":{"line":13,"column":30}},"locations":[{"start":{"line":13,"column":23},"end":{"line":13,"column":30}}]}},"b":{"0":[1],"1":[4],"2":[0]},"fnMap":{"0":{"name":"Card","decl":{"start":{"line":13,"column":4},"end":{"line":22,"column":5}},"loc":{"start":{"line":13,"column":4},"end":{"line":22,"column":5}},"line":13}},"f":{"0":4}}
,"C:\\Users\\kvu61\\Documents\\Coding\\discord\\hearts-game\\packages\\server\\src\\entities\\schemas\\CardValue.ts": {"path":"C:\\Users\\kvu61\\Documents\\Coding\\discord\\hearts-game\\packages\\server\\src\\entities\\schemas\\CardValue.ts","all":false,"statementMap":{"0":{"start":{"line":1,"column":0},"end":{"line":1,"column":48}},"1":{"start":{"line":2,"column":0},"end":{"line":2,"column":0}},"2":{"start":{"line":3,"column":0},"end":{"line":3,"column":39}},"3":{"start":{"line":4,"column":0},"end":{"line":4,"column":33}},"4":{"start":{"line":5,"column":0},"end":{"line":5,"column":34}},"5":{"start":{"line":6,"column":0},"end":{"line":6,"column":2}},"6":{"start":{"line":7,"column":0},"end":{"line":7,"column":31}},"7":{"start":{"line":8,"column":0},"end":{"line":8,"column":39}},"8":{"start":{"line":9,"column":0},"end":{"line":9,"column":47}},"9":{"start":{"line":10,"column":0},"end":{"line":10,"column":32}},"10":{"start":{"line":11,"column":0},"end":{"line":11,"column":5}},"11":{"start":{"line":12,"column":0},"end":{"line":12,"column":1}}},"s":{"0":1,"1":1,"2":1,"3":1,"4":1,"5":1,"6":1,"7":14,"8":14,"9":9,"10":9,"11":1},"branchMap":{"0":{"type":"branch","line":5,"loc":{"start":{"line":5,"column":19},"end":{"line":11,"column":5}},"locations":[{"start":{"line":5,"column":19},"end":{"line":11,"column":5}}]},"1":{"type":"branch","line":5,"loc":{"start":{"line":5,"column":19},"end":{"line":5,"column":34}},"locations":[{"start":{"line":5,"column":19},"end":{"line":5,"column":34}}]},"2":{"type":"branch","line":5,"loc":{"start":{"line":5,"column":19},"end":{"line":5,"column":34}},"locations":[{"start":{"line":5,"column":19},"end":{"line":5,"column":34}}]},"3":{"type":"branch","line":7,"loc":{"start":{"line":7,"column":4},"end":{"line":11,"column":5}},"locations":[{"start":{"line":7,"column":4},"end":{"line":11,"column":5}}]},"4":{"type":"branch","line":8,"loc":{"start":{"line":8,"column":29},"end":{"line":8,"column":39}},"locations":[{"start":{"line":8,"column":29},"end":{"line":8,"column":39}}]},"5":{"type":"branch","line":8,"loc":{"start":{"line":8,"column":38},"end":{"line":9,"column":37}},"locations":[{"start":{"line":8,"column":38},"end":{"line":9,"column":37}}]},"6":{"type":"branch","line":9,"loc":{"start":{"line":9,"column":37},"end":{"line":9,"column":47}},"locations":[{"start":{"line":9,"column":37},"end":{"line":9,"column":47}}]},"7":{"type":"branch","line":9,"loc":{"start":{"line":9,"column":46},"end":{"line":11,"column":5}},"locations":[{"start":{"line":9,"column":46},"end":{"line":11,"column":5}}]}},"b":{"0":[1],"1":[8],"2":[0],"3":[14],"4":[5],"5":[9],"6":[0],"7":[9]},"fnMap":{"0":{"name":"CardValue","decl":{"start":{"line":5,"column":19},"end":{"line":5,"column":34}},"loc":{"start":{"line":5,"column":19},"end":{"line":5,"column":34}},"line":5},"1":{"name":"get","decl":{"start":{"line":7,"column":4},"end":{"line":11,"column":5}},"loc":{"start":{"line":7,"column":4},"end":{"line":11,"column":5}},"line":7}},"f":{"0":8,"1":14}}
,"C:\\Users\\kvu61\\Documents\\Coding\\discord\\hearts-game\\packages\\server\\src\\entities\\schemas\\Hand.ts": {"path":"C:\\Users\\kvu61\\Documents\\Coding\\discord\\hearts-game\\packages\\server\\src\\entities\\schemas\\Hand.ts","all":false,"statementMap":{"0":{"start":{"line":1,"column":0},"end":{"line":1,"column":61}},"1":{"start":{"line":2,"column":0},"end":{"line":2,"column":30}},"2":{"start":{"line":3,"column":0},"end":{"line":3,"column":40}},"3":{"start":{"line":4,"column":0},"end":{"line":4,"column":0}},"4":{"start":{"line":5,"column":0},"end":{"line":5,"column":34}},"5":{"start":{"line":6,"column":0},"end":{"line":6,"column":34}},"6":{"start":{"line":7,"column":0},"end":{"line":7,"column":50}},"7":{"start":{"line":8,"column":0},"end":{"line":8,"column":47}},"8":{"start":{"line":9,"column":0},"end":{"line":9,"column":50}},"9":{"start":{"line":10,"column":0},"end":{"line":10,"column":2}},"10":{"start":{"line":11,"column":0},"end":{"line":11,"column":58}},"11":{"start":{"line":12,"column":0},"end":{"line":12,"column":39}},"12":{"start":{"line":13,"column":0},"end":{"line":13,"column":53}},"13":{"start":{"line":14,"column":0},"end":{"line":14,"column":30}},"14":{"start":{"line":15,"column":0},"end":{"line":15,"column":49}},"15":{"start":{"line":16,"column":0},"end":{"line":16,"column":35}},"16":{"start":{"line":17,"column":0},"end":{"line":17,"column":5}},"17":{"start":{"line":18,"column":0},"end":{"line":18,"column":2}},"18":{"start":{"line":19,"column":0},"end":{"line":19,"column":20}},"19":{"start":{"line":20,"column":0},"end":{"line":20,"column":25}},"20":{"start":{"line":21,"column":0},"end":{"line":21,"column":24}},"21":{"start":{"line":22,"column":0},"end":{"line":22,"column":5}},"22":{"start":{"line":23,"column":0},"end":{"line":23,"column":2}},"23":{"start":{"line":24,"column":0},"end":{"line":24,"column":26}},"24":{"start":{"line":25,"column":0},"end":{"line":25,"column":21}},"25":{"start":{"line":26,"column":0},"end":{"line":26,"column":31}},"26":{"start":{"line":27,"column":0},"end":{"line":27,"column":28}},"27":{"start":{"line":28,"column":0},"end":{"line":28,"column":5}},"28":{"start":{"line":29,"column":0},"end":{"line":29,"column":2}},"29":{"start":{"line":30,"column":0},"end":{"line":30,"column":29}},"30":{"start":{"line":31,"column":0},"end":{"line":31,"column":33}},"31":{"start":{"line":32,"column":0},"end":{"line":32,"column":44}},"32":{"start":{"line":33,"column":0},"end":{"line":33,"column":35}},"33":{"start":{"line":34,"column":0},"end":{"line":34,"column":6}},"34":{"start":{"line":35,"column":0},"end":{"line":35,"column":83}},"35":{"start":{"line":36,"column":0},"end":{"line":36,"column":51}},"36":{"start":{"line":37,"column":0},"end":{"line":37,"column":25}},"37":{"start":{"line":38,"column":0},"end":{"line":38,"column":25}},"38":{"start":{"line":39,"column":0},"end":{"line":39,"column":9}},"39":{"start":{"line":40,"column":0},"end":{"line":40,"column":6}},"40":{"start":{"line":41,"column":0},"end":{"line":41,"column":30}},"41":{"start":{"line":42,"column":0},"end":{"line":42,"column":70}},"42":{"start":{"line":43,"column":0},"end":{"line":43,"column":38}},"43":{"start":{"line":44,"column":0},"end":{"line":44,"column":7}},"44":{"start":{"line":45,"column":0},"end":{"line":45,"column":3}}},"s":{"0":1,"1":1,"2":1,"3":1,"4":1,"5":1,"6":1,"7":1,"8":1,"9":1,"10":1,"11":4,"12":4,"13":4,"14":4,"15":4,"16":4,"17":1,"18":1,"19":0,"20":0,"21":0,"22":1,"23":1,"24":0,"25":0,"26":0,"27":0,"28":1,"29":1,"30":5,"31":5,"32":5,"33":5,"34":5,"35":5,"36":4,"37":4,"38":4,"39":5,"40":5,"41":5,"42":5,"43":5,"44":1},"branchMap":{"0":{"type":"branch","line":9,"loc":{"start":{"line":9,"column":17},"end":{"line":44,"column":7}},"locations":[{"start":{"line":9,"column":17},"end":{"line":44,"column":7}}]},"1":{"type":"branch","line":9,"loc":{"start":{"line":9,"column":17},"end":{"line":9,"column":26}},"locations":[{"start":{"line":9,"column":17},"end":{"line":9,"column":26}}]},"2":{"type":"branch","line":9,"loc":{"start":{"line":9,"column":17},"end":{"line":9,"column":26}},"locations":[{"start":{"line":9,"column":17},"end":{"line":9,"column":26}}]},"3":{"type":"branch","line":11,"loc":{"start":{"line":11,"column":4},"end":{"line":17,"column":5}},"locations":[{"start":{"line":11,"column":4},"end":{"line":17,"column":5}}]},"4":{"type":"branch","line":15,"loc":{"start":{"line":15,"column":31},"end":{"line":15,"column":49}},"locations":[{"start":{"line":15,"column":31},"end":{"line":15,"column":49}}]},"5":{"type":"branch","line":30,"loc":{"start":{"line":30,"column":4},"end":{"line":44,"column":7}},"locations":[{"start":{"line":30,"column":4},"end":{"line":44,"column":7}}]},"6":{"type":"branch","line":36,"loc":{"start":{"line":36,"column":28},"end":{"line":36,"column":48}},"locations":[{"start":{"line":36,"column":28},"end":{"line":36,"column":48}}]},"7":{"type":"branch","line":36,"loc":{"start":{"line":36,"column":50},"end":{"line":39,"column":9}},"locations":[{"start":{"line":36,"column":50},"end":{"line":39,"column":9}}]},"8":{"type":"branch","line":42,"loc":{"start":{"line":42,"column":42},"end":{"line":42,"column":69}},"locations":[{"start":{"line":42,"column":42},"end":{"line":42,"column":69}}]},"9":{"type":"branch","line":32,"loc":{"start":{"line":32,"column":15},"end":{"line":32,"column":44}},"locations":[{"start":{"line":32,"column":15},"end":{"line":32,"column":44}}]},"10":{"type":"branch","line":33,"loc":{"start":{"line":33,"column":18},"end":{"line":33,"column":34}},"locations":[{"start":{"line":33,"column":18},"end":{"line":33,"column":34}}]},"11":{"type":"branch","line":35,"loc":{"start":{"line":35,"column":45},"end":{"line":35,"column":75}},"locations":[{"start":{"line":35,"column":45},"end":{"line":35,"column":75}}]},"12":{"type":"branch","line":5,"loc":{"start":{"line":5,"column":32},"end":{"line":7,"column":50}},"locations":[{"start":{"line":5,"column":32},"end":{"line":7,"column":50}}]},"13":{"type":"branch","line":7,"loc":{"start":{"line":7,"column":49},"end":{"line":8,"column":47}},"locations":[{"start":{"line":7,"column":49},"end":{"line":8,"column":47}}]},"14":{"type":"branch","line":8,"loc":{"start":{"line":8,"column":46},"end":{"line":9,"column":50}},"locations":[{"start":{"line":8,"column":46},"end":{"line":9,"column":50}}]}},"b":{"0":[1],"1":[1],"2":[0],"3":[4],"4":[0],"5":[5],"6":[4],"7":[4],"8":[1],"9":[14],"10":[9],"11":[14],"12":[1],"13":[1],"14":[1]},"fnMap":{"0":{"name":"Hand","decl":{"start":{"line":9,"column":17},"end":{"line":9,"column":26}},"loc":{"start":{"line":9,"column":17},"end":{"line":9,"column":26}},"line":9},"1":{"name":"addCard","decl":{"start":{"line":11,"column":4},"end":{"line":17,"column":5}},"loc":{"start":{"line":11,"column":4},"end":{"line":17,"column":5}},"line":11},"2":{"name":"clear","decl":{"start":{"line":19,"column":4},"end":{"line":22,"column":5}},"loc":{"start":{"line":19,"column":4},"end":{"line":22,"column":5}},"line":19},"3":{"name":"clearScore","decl":{"start":{"line":24,"column":4},"end":{"line":28,"column":5}},"loc":{"start":{"line":24,"column":4},"end":{"line":28,"column":5}},"line":24},"4":{"name":"calculateScore","decl":{"start":{"line":30,"column":4},"end":{"line":44,"column":7}},"loc":{"start":{"line":30,"column":4},"end":{"line":44,"column":7}},"line":30},"5":{"name":"initializer","decl":{"start":{"line":5,"column":32},"end":{"line":7,"column":50}},"loc":{"start":{"line":5,"column":32},"end":{"line":7,"column":50}},"line":5},"6":{"name":"initializer","decl":{"start":{"line":7,"column":49},"end":{"line":8,"column":47}},"loc":{"start":{"line":7,"column":49},"end":{"line":8,"column":47}},"line":7},"7":{"name":"initializer","decl":{"start":{"line":8,"column":46},"end":{"line":9,"column":50}},"loc":{"start":{"line":8,"column":46},"end":{"line":9,"column":50}},"line":8}},"f":{"0":1,"1":4,"2":0,"3":0,"4":5,"5":1,"6":1,"7":1}}
,"C:\\Users\\kvu61\\Documents\\Coding\\discord\\hearts-game\\packages\\server\\src\\entities\\schemas\\cardValues.ts": {"path":"C:\\Users\\kvu61\\Documents\\Coding\\discord\\hearts-game\\packages\\server\\src\\entities\\schemas\\cardValues.ts","all":false,"statementMap":{"0":{"start":{"line":1,"column":0},"end":{"line":1,"column":55}},"1":{"start":{"line":2,"column":0},"end":{"line":2,"column":98}},"2":{"start":{"line":3,"column":0},"end":{"line":3,"column":0}},"3":{"start":{"line":4,"column":0},"end":{"line":4,"column":61}},"4":{"start":{"line":5,"column":0},"end":{"line":5,"column":53}},"5":{"start":{"line":6,"column":0},"end":{"line":6,"column":1}}},"s":{"0":1,"1":1,"2":1,"3":1,"4":8,"5":8},"branchMap":{"0":{"type":"branch","line":4,"loc":{"start":{"line":4,"column":7},"end":{"line":6,"column":1}},"locations":[{"start":{"line":4,"column":7},"end":{"line":6,"column":1}}]}},"b":{"0":[8]},"fnMap":{"0":{"name":"getRandomArrayItem","decl":{"start":{"line":4,"column":7},"end":{"line":6,"column":1}},"loc":{"start":{"line":4,"column":7},"end":{"line":6,"column":1}},"line":4}},"f":{"0":8}}
}
