TN:
SF:packages\server\src\game.config.ts
FNF:0
FNH:0
DA:1,1
DA:2,1
DA:3,1
DA:4,1
DA:5,1
DA:6,1
DA:7,1
DA:8,1
DA:9,1
DA:10,1
DA:11,1
DA:12,1
DA:13,1
DA:14,1
DA:15,1
DA:16,1
DA:17,1
DA:18,1
DA:19,1
DA:20,1
DA:21,1
DA:22,1
DA:23,1
DA:24,1
LF:24
LH:24
BRF:0
BRH:0
end_of_record
TN:
SF:packages\server\src\entities\GameState.ts
FN:4,ownKeys
FN:4,_objectSpread
FN:4,_initializerDefineProperty
FN:4,_classCallCheck
FN:4,_defineProperties
FN:4,_createClass
FN:4,_callSuper
FN:4,_possibleConstructorReturn
FN:4,_assertThisInitialized
FN:4,_isNativeReflectConstruct
FN:4,_isNativeReflectConstruct
FN:4,_getPrototypeOf
FN:4,_getPrototypeOf
FN:4,_inherits
FN:4,_setPrototypeOf
FN:4,_setPrototypeOf
FN:4,_defineProperty
FN:4,_toPropertyKey
FN:4,_toPrimitive
FN:4,_applyDecoratedDescriptor
FN:4,_initializerWarningHelper
FN:19,GameState
FN:25,getDeckSize
FN:29,dealCard
FN:37,createPlayer
FN:48,removePlayer
FN:55,addPlayer
FN:68,determineCurrentTurnPlayer
FN:77,handlePlayerAction
FN:100,determineRoundOutcome
FN:122,resetHands
FN:9,initializer
FN:10,initializer
FN:11,initializer
FN:12,initializer
FN:13,initializer
FN:14,initializer
FNF:37
FNH:28
FNDA:2,ownKeys
FNDA:2,_objectSpread
FNDA:6,_initializerDefineProperty
FNDA:1,_classCallCheck
FNDA:1,_defineProperties
FNDA:1,_createClass
FNDA:1,_callSuper
FNDA:1,_possibleConstructorReturn
FNDA:0,_assertThisInitialized
FNDA:1,_isNativeReflectConstruct
FNDA:1,_isNativeReflectConstruct
FNDA:1,_getPrototypeOf
FNDA:0,_getPrototypeOf
FNDA:1,_inherits
FNDA:1,_setPrototypeOf
FNDA:0,_setPrototypeOf
FNDA:4,_defineProperty
FNDA:13,_toPropertyKey
FNDA:13,_toPrimitive
FNDA:6,_applyDecoratedDescriptor
FNDA:0,_initializerWarningHelper
FNDA:1,GameState
FNDA:0,getDeckSize
FNDA:1,dealCard
FNDA:1,createPlayer
FNDA:0,removePlayer
FNDA:0,addPlayer
FNDA:0,determineCurrentTurnPlayer
FNDA:1,handlePlayerAction
FNDA:0,determineRoundOutcome
FNDA:1,resetHands
FNDA:1,initializer
FNDA:1,initializer
FNDA:1,initializer
FNDA:1,initializer
FNDA:1,initializer
FNDA:1,initializer
DA:1,1
DA:2,1
DA:3,1
DA:4,1
DA:5,1
DA:6,1
DA:7,1
DA:8,1
DA:9,1
DA:10,1
DA:11,1
DA:12,1
DA:13,1
DA:14,1
DA:15,1
DA:16,1
DA:17,1
DA:18,1
DA:19,1
DA:20,1
DA:21,1
DA:22,1
DA:23,1
DA:24,1
DA:25,1
DA:26,0
DA:27,0
DA:28,1
DA:29,1
DA:30,1
DA:31,1
DA:32,1
DA:33,1
DA:34,1
DA:35,1
DA:36,1
DA:37,1
DA:38,1
DA:39,1
DA:40,1
DA:41,1
DA:42,1
DA:43,1
DA:44,1
DA:45,1
DA:46,1
DA:47,1
DA:48,1
DA:49,0
DA:50,0
DA:51,0
DA:52,0
DA:53,1
DA:54,1
DA:55,1
DA:56,0
DA:57,0
DA:58,0
DA:59,0
DA:60,0
DA:61,0
DA:62,0
DA:63,0
DA:64,0
DA:65,0
DA:66,0
DA:67,1
DA:68,1
DA:69,0
DA:70,0
DA:71,0
DA:72,0
DA:73,0
DA:74,0
DA:75,0
DA:76,1
DA:77,1
DA:78,1
DA:79,1
DA:80,0
DA:81,0
DA:82,0
DA:83,1
DA:84,1
DA:85,1
DA:86,1
DA:87,1
DA:88,1
DA:89,1
DA:90,1
DA:91,1
DA:92,0
DA:93,0
DA:94,1
DA:95,0
DA:96,0
DA:97,1
DA:98,1
DA:99,1
DA:100,1
DA:101,0
DA:102,0
DA:103,0
DA:104,0
DA:105,0
DA:106,0
DA:107,0
DA:108,0
DA:109,0
DA:110,0
DA:111,0
DA:112,0
DA:113,0
DA:114,0
DA:115,0
DA:116,0
DA:117,0
DA:118,0
DA:119,0
DA:120,0
DA:121,1
DA:122,1
DA:123,1
DA:124,1
DA:125,1
DA:126,1
LF:126
LH:75
BRDA:4,0,0,2
BRDA:4,1,0,2
BRDA:4,2,0,3
BRDA:4,3,0,0
BRDA:4,4,0,2
BRDA:4,5,0,1
BRDA:4,6,0,0
BRDA:4,7,0,3
BRDA:4,8,0,6
BRDA:4,9,0,0
BRDA:4,10,0,0
BRDA:4,11,0,1
BRDA:4,12,0,0
BRDA:4,13,0,1
BRDA:4,14,0,9
BRDA:4,15,0,1
BRDA:4,16,0,0
BRDA:4,17,0,1
BRDA:4,18,0,0
BRDA:4,19,0,1
BRDA:4,20,0,0
BRDA:4,21,0,0
BRDA:4,22,0,1
BRDA:4,23,0,0
BRDA:4,24,0,0
BRDA:4,25,0,1
BRDA:4,26,0,1
BRDA:4,27,0,0
BRDA:4,28,0,1
BRDA:4,29,0,0
BRDA:4,30,0,0
BRDA:4,31,0,1
BRDA:4,32,0,0
BRDA:4,33,0,4
BRDA:4,34,0,0
BRDA:4,35,0,13
BRDA:4,36,0,0
BRDA:4,37,0,13
BRDA:4,38,0,0
BRDA:4,39,0,0
BRDA:4,40,0,0
BRDA:4,41,0,6
BRDA:4,42,0,0
BRDA:4,43,0,0
BRDA:4,44,0,0
BRDA:4,45,0,24
BRDA:4,46,0,6
BRDA:15,47,0,1
BRDA:19,48,0,1
BRDA:29,49,0,1
BRDA:37,50,0,1
BRDA:77,51,0,1
BRDA:79,52,0,0
BRDA:91,53,0,0
BRDA:94,54,0,0
BRDA:122,55,0,1
BRDA:124,56,0,1
BRDA:9,57,0,1
BRDA:10,58,0,1
BRDA:11,59,0,1
BRDA:12,60,0,1
BRDA:13,61,0,1
BRDA:14,62,0,1
BRF:63
BRH:37
end_of_record
TN:
SF:packages\server\src\entities\schemas\Card.ts
FN:2,_initializerDefineProperty
FN:2,_defineProperties
FN:2,_createClass
FN:2,_classCallCheck
FN:2,_callSuper
FN:2,_possibleConstructorReturn
FN:2,_assertThisInitialized
FN:2,_isNativeReflectConstruct
FN:2,_isNativeReflectConstruct
FN:2,_getPrototypeOf
FN:2,_getPrototypeOf
FN:2,_inherits
FN:2,_setPrototypeOf
FN:2,_setPrototypeOf
FN:2,_defineProperty
FN:2,_toPropertyKey
FN:2,_toPrimitive
FN:2,_applyDecoratedDescriptor
FN:2,_initializerWarningHelper
FN:12,Card
FNF:20
FNH:12
FNDA:208,_initializerDefineProperty
FNDA:0,_defineProperties
FNDA:1,_createClass
FNDA:104,_classCallCheck
FNDA:104,_callSuper
FNDA:104,_possibleConstructorReturn
FNDA:0,_assertThisInitialized
FNDA:1,_isNativeReflectConstruct
FNDA:104,_isNativeReflectConstruct
FNDA:1,_getPrototypeOf
FNDA:0,_getPrototypeOf
FNDA:1,_inherits
FNDA:1,_setPrototypeOf
FNDA:0,_setPrototypeOf
FNDA:0,_defineProperty
FNDA:0,_toPropertyKey
FNDA:0,_toPrimitive
FNDA:2,_applyDecoratedDescriptor
FNDA:0,_initializerWarningHelper
FNDA:104,Card
DA:1,1
DA:2,1
DA:3,1
DA:4,1
DA:5,1
DA:6,1
DA:7,1
DA:8,0
DA:9,0
DA:10,1
DA:11,1
DA:12,1
DA:13,104
DA:14,104
DA:15,104
DA:16,104
DA:17,104
DA:18,1
LF:18
LH:16
BRDA:2,0,0,208
BRDA:2,1,0,0
BRDA:2,2,0,0
BRDA:2,3,0,1
BRDA:2,4,0,0
BRDA:2,5,0,0
BRDA:2,6,0,104
BRDA:2,7,0,0
BRDA:2,8,0,104
BRDA:2,9,0,0
BRDA:2,10,0,104
BRDA:2,11,0,0
BRDA:2,12,0,0
BRDA:2,13,0,1
BRDA:2,14,0,0
BRDA:2,15,0,0
BRDA:2,16,0,104
BRDA:2,17,0,1
BRDA:2,18,0,0
BRDA:2,19,0,1
BRDA:2,20,0,0
BRDA:2,21,0,0
BRDA:2,22,0,1
BRDA:2,23,0,0
BRDA:2,24,0,2
BRDA:2,25,0,0
BRDA:2,26,0,0
BRDA:2,27,0,0
BRDA:2,28,0,0
BRDA:2,29,0,8
BRDA:2,30,0,3
BRDA:10,31,0,1
BRDA:12,32,0,104
BRDA:12,33,0,0
BRF:34
BRH:15
end_of_record
TN:
SF:packages\server\src\entities\schemas\CardValue.ts
FN:30,CardValue
FN:36,get
FNF:2
FNH:2
FNDA:104,CardValue
FNDA:1,get
DA:1,1
DA:2,1
DA:3,1
DA:4,1
DA:5,1
DA:6,1
DA:7,1
DA:8,1
DA:9,1
DA:10,1
DA:11,1
DA:12,1
DA:13,1
DA:14,1
DA:15,1
DA:16,1
DA:17,1
DA:18,1
DA:19,1
DA:20,1
DA:21,1
DA:22,1
DA:23,1
DA:24,1
DA:25,1
DA:26,1
DA:27,1
DA:28,1
DA:29,1
DA:30,1
DA:31,104
DA:32,104
DA:33,104
DA:34,104
DA:35,1
DA:36,1
DA:37,1
DA:38,1
DA:39,1
DA:40,1
DA:41,1
DA:42,1
DA:43,1
DA:44,1
DA:45,1
DA:46,1
DA:47,1
DA:48,1
DA:49,1
DA:50,1
DA:51,1
DA:52,1
DA:53,1
DA:54,1
DA:55,1
DA:56,1
DA:57,1
LF:57
LH:57
BRDA:3,0,0,1
BRDA:10,1,0,1
BRDA:28,2,0,1
BRDA:30,3,0,104
BRDA:36,4,0,1
BRDA:53,5,0,0
BRF:6
BRH:5
end_of_record
TN:
SF:packages\server\src\entities\schemas\Deck.ts
FN:2,_typeof
FN:2,_typeof
FN:2,_typeof
FN:2,_classCallCheck
FN:2,_defineProperties
FN:2,_createClass
FN:2,_defineProperty
FN:2,_toPropertyKey
FN:2,_toPrimitive
FN:7,Deck
FN:12,initializeDeck
FN:23,shuffle
FN:31,getDeckSize
FN:36,dealCard
FNF:14
FNH:12
FNDA:1,_typeof
FNDA:10,_typeof
FNDA:0,_typeof
FNDA:1,_classCallCheck
FNDA:1,_defineProperties
FNDA:1,_createClass
FNDA:1,_defineProperty
FNDA:5,_toPropertyKey
FNDA:5,_toPrimitive
FNDA:1,Deck
FNDA:2,initializeDeck
FNDA:1,shuffle
FNDA:0,getDeckSize
FNDA:1,dealCard
DA:1,1
DA:2,1
DA:3,1
DA:4,1
DA:5,1
DA:6,1
DA:7,1
DA:8,1
DA:9,1
DA:10,1
DA:11,1
DA:12,1
DA:13,2
DA:14,8
DA:15,104
DA:16,104
DA:17,104
DA:18,8
DA:19,2
DA:20,2
DA:21,1
DA:22,1
DA:23,1
DA:24,1
DA:25,103
DA:26,103
DA:27,103
DA:28,1
DA:29,1
DA:30,1
DA:31,1
DA:32,0
DA:33,0
DA:34,1
DA:35,1
DA:36,1
DA:37,1
DA:38,1
DA:39,1
DA:40,1
DA:41,1
DA:42,1
DA:43,1
LF:43
LH:41
BRDA:2,0,0,1
BRDA:2,1,0,0
BRDA:2,2,0,10
BRDA:2,3,0,1
BRDA:2,4,0,0
BRDA:2,5,0,1
BRDA:2,6,0,4
BRDA:2,7,0,1
BRDA:2,8,0,0
BRDA:2,9,0,1
BRDA:2,10,0,0
BRDA:2,11,0,5
BRDA:2,12,0,0
BRDA:2,13,0,5
BRDA:2,14,0,0
BRDA:2,15,0,0
BRDA:2,16,0,0
BRDA:4,17,0,1
BRDA:7,18,0,1
BRDA:12,19,0,2
BRDA:13,20,0,8
BRDA:14,21,0,104
BRDA:23,22,0,1
BRDA:24,23,0,103
BRDA:36,24,0,1
BRDA:36,25,0,0
BRDA:36,26,0,0
BRF:27
BRH:17
end_of_record
TN:
SF:packages\server\src\entities\schemas\Hand.ts
FN:3,_initializerDefineProperty
FN:3,_classCallCheck
FN:3,_defineProperties
FN:3,_createClass
FN:3,_callSuper
FN:3,_possibleConstructorReturn
FN:3,_assertThisInitialized
FN:3,_isNativeReflectConstruct
FN:3,_isNativeReflectConstruct
FN:3,_getPrototypeOf
FN:3,_getPrototypeOf
FN:3,_inherits
FN:3,_setPrototypeOf
FN:3,_setPrototypeOf
FN:3,_defineProperty
FN:3,_toPropertyKey
FN:3,_toPrimitive
FN:3,_applyDecoratedDescriptor
FN:3,_initializerWarningHelper
FN:11,addCard
FN:17,clear
FN:22,clearScore
FN:28,calculateScore
FN:5,initializer
FN:6,initializer
FN:7,initializer
FN:8,initializer
FNF:27
FNH:22
FNDA:8,_initializerDefineProperty
FNDA:2,_classCallCheck
FNDA:1,_defineProperties
FNDA:1,_createClass
FNDA:2,_callSuper
FNDA:2,_possibleConstructorReturn
FNDA:0,_assertThisInitialized
FNDA:1,_isNativeReflectConstruct
FNDA:2,_isNativeReflectConstruct
FNDA:1,_getPrototypeOf
FNDA:0,_getPrototypeOf
FNDA:1,_inherits
FNDA:1,_setPrototypeOf
FNDA:0,_setPrototypeOf
FNDA:0,_defineProperty
FNDA:4,_toPropertyKey
FNDA:4,_toPrimitive
FNDA:4,_applyDecoratedDescriptor
FNDA:0,_initializerWarningHelper
FNDA:1,addCard
FNDA:2,clear
FNDA:2,clearScore
FNDA:1,calculateScore
FNDA:2,initializer
FNDA:2,initializer
FNDA:2,initializer
FNDA:2,initializer
DA:1,1
DA:2,1
DA:3,1
DA:4,1
DA:5,1
DA:6,1
DA:7,2
DA:8,2
DA:9,2
DA:10,1
DA:11,1
DA:12,1
DA:13,1
DA:14,1
DA:15,1
DA:16,1
DA:17,1
DA:18,2
DA:19,2
DA:20,2
DA:21,1
DA:22,1
DA:23,2
DA:24,2
DA:25,2
DA:26,2
DA:27,1
DA:28,1
DA:29,1
DA:30,1
DA:31,1
DA:32,1
DA:33,1
DA:34,1
DA:35,1
DA:36,1
DA:37,1
DA:38,0
DA:39,0
DA:40,1
DA:41,1
DA:42,1
DA:43,1
DA:44,1
DA:45,0
DA:46,0
DA:47,0
DA:48,1
DA:49,1
DA:50,1
DA:51,1
DA:52,1
DA:53,1
LF:53
LH:48
BRDA:3,0,0,8
BRDA:3,1,0,0
BRDA:3,2,0,0
BRDA:3,3,0,2
BRDA:3,4,0,0
BRDA:3,5,0,1
BRDA:3,6,0,4
BRDA:3,7,0,1
BRDA:3,8,0,0
BRDA:3,9,0,2
BRDA:3,10,0,0
BRDA:3,11,0,0
BRDA:3,12,0,2
BRDA:3,13,0,0
BRDA:3,14,0,0
BRDA:3,15,0,1
BRDA:3,16,0,0
BRDA:3,17,0,0
BRDA:3,18,0,2
BRDA:3,19,0,1
BRDA:3,20,0,0
BRDA:3,21,0,1
BRDA:3,22,0,0
BRDA:3,23,0,0
BRDA:3,24,0,1
BRDA:3,25,0,0
BRDA:3,26,0,4
BRDA:3,27,0,0
BRDA:3,28,0,4
BRDA:3,29,0,0
BRDA:3,30,0,0
BRDA:3,31,0,0
BRDA:3,32,0,4
BRDA:3,33,0,0
BRDA:3,34,0,0
BRDA:3,35,0,0
BRDA:3,36,0,16
BRDA:3,37,0,4
BRDA:9,38,0,1
BRDA:9,39,0,0
BRDA:11,40,0,1
BRDA:17,41,0,2
BRDA:22,42,0,2
BRDA:28,43,0,1
BRDA:44,44,0,0
BRDA:44,45,0,0
BRDA:50,46,0,0
BRDA:32,47,0,1
BRDA:37,48,0,0
BRDA:5,49,0,2
BRDA:6,50,0,2
BRDA:7,51,0,2
BRDA:8,52,0,2
BRF:53
BRH:27
end_of_record
TN:
SF:packages\server\src\entities\schemas\Player.ts
FN:22,Player
FN:7,initializer
FN:10,initializer
FN:14,initializer
FN:16,initializer
FN:17,initializer
FN:18,initializer
FN:19,initializer
FNF:8
FNH:8
FNDA:1,Player
FNDA:1,initializer
FNDA:1,initializer
FNDA:1,initializer
FNDA:1,initializer
FNDA:1,initializer
FNDA:1,initializer
FNDA:1,initializer
DA:1,1
DA:2,1
DA:3,1
DA:4,1
DA:5,1
DA:6,1
DA:7,1
DA:8,1
DA:9,1
DA:10,1
DA:11,1
DA:12,1
DA:13,1
DA:14,1
DA:15,1
DA:16,1
DA:17,1
DA:18,1
DA:19,1
DA:20,1
DA:21,1
DA:22,1
DA:23,1
DA:24,1
DA:25,1
DA:26,1
DA:27,1
DA:28,1
DA:29,1
DA:30,1
LF:30
LH:30
BRDA:20,0,0,1
BRDA:22,1,0,1
BRDA:28,2,0,0
BRDA:7,3,0,1
BRDA:10,4,0,1
BRDA:14,5,0,1
BRDA:16,6,0,0
BRDA:16,7,0,1
BRDA:17,8,0,0
BRDA:17,9,0,1
BRDA:18,10,0,1
BRDA:19,11,0,1
BRF:12
BRH:9
end_of_record
TN:
SF:packages\server\src\entities\schemas\RoundOutcome.ts
FN:5,computeRoundOutcome
FNF:1
FNH:0
FNDA:0,computeRoundOutcome
DA:1,1
DA:2,1
DA:3,1
DA:4,1
DA:5,1
DA:6,0
DA:7,0
DA:8,0
DA:9,0
DA:10,0
DA:11,0
DA:12,0
DA:13,0
DA:14,0
DA:15,0
DA:16,0
DA:17,0
DA:18,0
DA:19,0
DA:20,0
DA:21,0
DA:22,0
DA:23,0
DA:24,0
DA:25,0
DA:26,0
DA:27,0
DA:28,0
DA:29,0
DA:30,0
DA:31,0
DA:32,0
DA:33,0
DA:34,0
DA:35,0
DA:36,0
DA:37,0
DA:38,0
DA:39,0
DA:40,0
DA:41,0
DA:42,0
DA:43,0
DA:44,0
DA:45,0
DA:46,0
DA:47,0
DA:48,0
DA:49,0
DA:50,0
DA:51,0
LF:51
LH:5
BRF:0
BRH:0
end_of_record
