TN:
SF:packages\server\dist\game.config.js
FN:1,Object.<anonymous>
FNF:1
FNH:1
FNDA:1,Object.<anonymous>
DA:1,1
DA:2,1
DA:3,1
DA:4,1
DA:5,1
DA:6,1
DA:7,1
DA:8,1
DA:9,1
DA:10,1
DA:11,1
DA:12,1
DA:13,1
DA:14,1
DA:15,1
DA:16,1
DA:17,1
DA:18,1
DA:19,1
DA:20,1
DA:21,1
DA:22,1
DA:23,1
LF:23
LH:23
BRDA:1,0,0,1
BRDA:1,1,0,1
BRF:2
BRH:2
end_of_record
TN:
SF:packages\server\dist\entities\GameState.js
FN:1,Object.<anonymous>
FN:2,Object.<anonymous>.__decorate
FN:14,GameState
FN:24,dealCards
FN:35,determineCurrentTurnPlayer
FN:39,handlePlayerAction
FN:43,determineRoundOutcome
FN:47,startNextRound
FNF:8
FNH:3
FNDA:1,Object.<anonymous>
FNDA:6,Object.<anonymous>.__decorate
FNDA:2,GameState
FNDA:0,dealCards
FNDA:0,determineCurrentTurnPlayer
FNDA:0,handlePlayerAction
FNDA:0,determineRoundOutcome
FNDA:0,startNextRound
DA:1,1
DA:2,1
DA:3,6
DA:4,6
DA:5,6
DA:6,6
DA:7,1
DA:8,1
DA:9,1
DA:10,1
DA:11,1
DA:12,1
DA:13,1
DA:14,1
DA:15,2
DA:16,2
DA:17,2
DA:18,2
DA:19,2
DA:20,2
DA:21,2
DA:22,2
DA:23,1
DA:24,1
DA:25,0
DA:26,0
DA:27,0
DA:28,0
DA:29,0
DA:30,0
DA:31,0
DA:32,0
DA:33,0
DA:34,1
DA:35,1
DA:36,0
DA:37,0
DA:38,1
DA:39,1
DA:40,0
DA:41,0
DA:42,1
DA:43,1
DA:44,0
DA:45,0
DA:46,1
DA:47,1
DA:48,0
DA:49,0
DA:50,1
DA:51,1
DA:52,1
DA:53,1
DA:54,1
DA:55,1
DA:56,1
DA:57,1
DA:58,1
DA:59,1
DA:60,1
DA:61,1
DA:62,1
DA:63,1
DA:64,1
DA:65,1
DA:66,1
DA:67,1
DA:68,1
DA:69,1
LF:69
LH:52
BRDA:1,0,0,1
BRDA:1,1,0,1
BRDA:2,2,0,6
BRDA:3,3,0,0
BRDA:3,4,0,0
BRDA:4,5,0,0
BRDA:5,6,0,0
BRDA:5,7,0,0
BRDA:6,8,0,0
BRDA:14,9,0,2
BRF:10
BRH:4
end_of_record
TN:
SF:packages\server\dist\entities\Player.js
FN:1,Object.<anonymous>
FN:2,Object.<anonymous>.__decorate
FN:8,Object.<anonymous>.__importDefault
FN:18,Player
FNF:4
FNH:3
FNDA:1,Object.<anonymous>
FNDA:11,Object.<anonymous>.__decorate
FNDA:1,Object.<anonymous>.__importDefault
FNDA:0,Player
DA:1,1
DA:2,1
DA:3,11
DA:4,11
DA:5,11
DA:6,11
DA:7,1
DA:8,1
DA:9,1
DA:10,1
DA:11,1
DA:12,1
DA:13,1
DA:14,1
DA:15,1
DA:16,1
DA:17,1
DA:18,1
DA:19,0
DA:20,0
DA:21,0
DA:22,0
DA:23,0
DA:24,0
DA:25,0
DA:26,0
DA:27,0
DA:28,0
DA:29,0
DA:30,0
DA:31,0
DA:32,0
DA:33,1
DA:34,1
DA:35,1
DA:36,1
DA:37,1
DA:38,1
DA:39,1
DA:40,1
DA:41,1
DA:42,1
DA:43,1
DA:44,1
DA:45,1
DA:46,1
DA:47,1
DA:48,1
DA:49,1
DA:50,1
DA:51,1
DA:52,1
DA:53,1
DA:54,1
DA:55,1
DA:56,1
DA:57,1
DA:58,1
DA:59,1
DA:60,1
DA:61,1
DA:62,1
DA:63,1
DA:64,1
DA:65,1
DA:66,1
DA:67,1
LF:67
LH:53
BRDA:1,0,0,1
BRDA:1,1,0,1
BRDA:2,2,0,11
BRDA:3,3,0,0
BRDA:3,4,0,0
BRDA:4,5,0,0
BRDA:5,6,0,0
BRDA:5,7,0,0
BRDA:6,8,0,0
BRDA:8,9,0,1
BRDA:9,10,0,0
BRF:11
BRH:4
end_of_record
TN:
SF:packages\server\dist\entities\schemas\Card.js
FN:1,Object.<anonymous>
FN:2,Object.<anonymous>.__decorate
FN:14,Card
FNF:3
FNH:3
FNDA:2,Object.<anonymous>
FNDA:4,Object.<anonymous>.__decorate
FNDA:4,Card
DA:1,2
DA:2,2
DA:3,4
DA:4,4
DA:5,4
DA:6,4
DA:7,2
DA:8,2
DA:9,2
DA:10,2
DA:11,2
DA:12,2
DA:13,2
DA:14,2
DA:15,4
DA:16,4
DA:17,4
DA:18,4
DA:19,4
DA:20,4
DA:21,4
DA:22,2
DA:23,2
DA:24,2
DA:25,2
DA:26,2
DA:27,2
DA:28,2
DA:29,0
DA:30,2
DA:31,2
DA:32,2
LF:32
LH:31
BRDA:1,0,0,2
BRDA:1,1,0,2
BRDA:2,2,0,4
BRDA:3,3,0,0
BRDA:3,4,0,0
BRDA:4,5,0,0
BRDA:5,6,0,6
BRDA:5,7,0,0
BRDA:5,8,0,0
BRDA:6,9,0,0
BRDA:14,10,0,4
BRF:11
BRH:5
end_of_record
TN:
SF:packages\server\dist\entities\schemas\CardValue.js
FN:1,Object.<anonymous>
FN:2,Object.<anonymous>.__decorate
FN:12,get numericValue
FNF:3
FNH:3
FNDA:2,Object.<anonymous>
FNDA:4,Object.<anonymous>.__decorate
FNDA:14,get numericValue
DA:1,2
DA:2,2
DA:3,4
DA:4,4
DA:5,4
DA:6,4
DA:7,2
DA:8,2
DA:9,2
DA:10,2
DA:11,2
DA:12,2
DA:13,14
DA:14,14
DA:15,9
DA:16,14
DA:17,9
DA:18,14
DA:19,2
DA:20,2
DA:21,2
DA:22,2
DA:23,2
DA:24,2
DA:25,2
DA:26,2
LF:26
LH:26
BRDA:1,0,0,2
BRDA:1,1,0,2
BRDA:2,2,0,4
BRDA:3,3,0,0
BRDA:3,4,0,0
BRDA:4,5,0,0
BRDA:5,6,0,0
BRDA:5,7,0,0
BRDA:6,8,0,0
BRDA:12,9,0,14
BRDA:14,10,0,5
BRDA:15,11,0,9
BRDA:16,12,0,0
BRDA:17,13,0,9
BRF:14
BRH:7
end_of_record
TN:
SF:packages\server\dist\entities\schemas\Hand.js
FN:1,Object.<anonymous>
FN:2,Object.<anonymous>.__decorate
FN:13,Hand
FN:19,addCard
FN:28,clear
FN:32,clearScore
FN:37,calculateScore
FNF:7
FNH:5
FNDA:2,Object.<anonymous>
FNDA:8,Object.<anonymous>.__decorate
FNDA:3,Hand
FNDA:4,addCard
FNDA:0,clear
FNDA:0,clearScore
FNDA:5,calculateScore
DA:1,2
DA:2,2
DA:3,8
DA:4,8
DA:5,8
DA:6,8
DA:7,2
DA:8,2
DA:9,2
DA:10,2
DA:11,2
DA:12,2
DA:13,2
DA:14,3
DA:15,3
DA:16,3
DA:17,3
DA:18,3
DA:19,2
DA:20,4
DA:21,4
DA:22,4
DA:23,4
DA:24,4
DA:25,4
DA:26,4
DA:27,4
DA:28,2
DA:29,0
DA:30,0
DA:31,0
DA:32,2
DA:33,0
DA:34,0
DA:35,0
DA:36,0
DA:37,2
DA:38,5
DA:39,5
DA:40,5
DA:41,5
DA:42,5
DA:43,4
DA:44,4
DA:45,4
DA:46,5
DA:47,5
DA:48,5
DA:49,5
DA:50,2
DA:51,2
DA:52,2
DA:53,2
DA:54,2
DA:55,2
DA:56,2
DA:57,2
DA:58,2
DA:59,2
DA:60,2
DA:61,2
DA:62,2
DA:63,2
LF:63
LH:56
BRDA:1,0,0,2
BRDA:1,1,0,2
BRDA:2,2,0,8
BRDA:3,3,0,0
BRDA:3,4,0,0
BRDA:4,5,0,0
BRDA:5,6,0,0
BRDA:5,7,0,0
BRDA:6,8,0,0
BRDA:13,9,0,3
BRDA:19,10,0,4
BRDA:24,11,0,0
BRDA:37,12,0,5
BRDA:42,13,0,4
BRDA:42,14,0,4
BRDA:47,15,0,1
BRDA:39,16,0,14
BRDA:40,17,0,9
BRDA:41,18,0,14
BRF:19
BRH:12
end_of_record
TN:
SF:packages\server\dist\entities\schemas\cardValues.js
FN:1,Object.<anonymous>
FN:6,getRandomArrayItem
FNF:2
FNH:2
FNDA:2,Object.<anonymous>
FNDA:8,getRandomArrayItem
DA:1,2
DA:2,2
DA:3,2
DA:4,2
DA:5,2
DA:6,8
DA:7,8
DA:8,8
DA:9,2
LF:9
LH:9
BRDA:1,0,0,2
BRDA:1,1,0,2
BRDA:6,2,0,8
BRF:3
BRH:3
end_of_record
TN:
SF:packages\server\src\game.config.ts
FNF:0
FNH:0
DA:1,1
DA:2,1
DA:3,1
DA:4,1
DA:5,1
DA:6,1
DA:7,1
DA:8,1
DA:9,1
DA:10,1
DA:11,1
DA:12,1
DA:13,1
DA:14,1
DA:15,1
DA:16,1
DA:17,1
DA:18,1
DA:19,1
DA:20,1
DA:21,1
DA:22,1
DA:23,1
DA:24,1
LF:24
LH:24
BRF:0
BRH:0
end_of_record
TN:
SF:packages\server\src\entities\GameState.ts
FN:17,GameState
FN:24,getDeckSize
FN:28,dealCard
FN:32,addPlayer
FN:39,determineCurrentTurnPlayer
FN:57,handlePlayerAction
FN:90,determineRoundOutcome
FN:95,startNextRound
FN:7,initializer
FN:8,initializer
FN:9,initializer
FN:10,initializer
FN:11,initializer
FN:12,initializer
FNF:14
FNH:9
FNDA:1,GameState
FNDA:0,getDeckSize
FNDA:1,dealCard
FNDA:1,addPlayer
FNDA:0,determineCurrentTurnPlayer
FNDA:0,handlePlayerAction
FNDA:0,determineRoundOutcome
FNDA:0,startNextRound
FNDA:1,initializer
FNDA:1,initializer
FNDA:1,initializer
FNDA:1,initializer
FNDA:1,initializer
FNDA:1,initializer
DA:1,1
DA:2,1
DA:3,1
DA:4,1
DA:5,1
DA:6,1
DA:7,1
DA:8,1
DA:9,1
DA:10,1
DA:11,1
DA:12,1
DA:13,1
DA:14,1
DA:15,1
DA:16,1
DA:17,1
DA:18,1
DA:19,1
DA:20,1
DA:21,1
DA:22,1
DA:23,1
DA:24,1
DA:25,0
DA:26,1
DA:27,1
DA:28,1
DA:29,1
DA:30,1
DA:31,1
DA:32,1
DA:33,1
DA:34,1
DA:35,1
DA:36,1
DA:37,1
DA:38,1
DA:39,1
DA:40,0
DA:41,0
DA:42,0
DA:43,0
DA:44,0
DA:45,0
DA:46,0
DA:47,0
DA:48,0
DA:49,0
DA:50,0
DA:51,0
DA:52,0
DA:53,0
DA:54,1
DA:55,1
DA:56,1
DA:57,1
DA:58,0
DA:59,0
DA:60,0
DA:61,0
DA:62,0
DA:63,0
DA:64,0
DA:65,0
DA:66,0
DA:67,0
DA:68,0
DA:69,0
DA:70,0
DA:71,0
DA:72,0
DA:73,0
DA:74,0
DA:75,0
DA:76,0
DA:77,0
DA:78,0
DA:79,0
DA:80,0
DA:81,0
DA:82,0
DA:83,0
DA:84,0
DA:85,0
DA:86,0
DA:87,1
DA:88,1
DA:89,1
DA:90,1
DA:91,0
DA:92,1
DA:93,1
DA:94,1
DA:95,1
DA:96,0
DA:97,1
DA:98,1
LF:98
LH:52
BRDA:13,0,0,1
BRDA:17,1,0,1
BRDA:28,2,0,1
BRDA:32,3,0,1
BRDA:7,4,0,1
BRDA:8,5,0,1
BRDA:9,6,0,1
BRDA:10,7,0,1
BRDA:11,8,0,1
BRDA:12,9,0,1
BRF:10
BRH:10
end_of_record
TN:
SF:packages\server\src\entities\Player.ts
FN:23,Player
FN:7,initializer
FN:14,initializer
FN:16,initializer
FN:17,initializer
FN:18,initializer
FN:19,initializer
FNF:7
FNH:7
FNDA:1,Player
FNDA:1,initializer
FNDA:1,initializer
FNDA:1,initializer
FNDA:1,initializer
FNDA:1,initializer
FNDA:1,initializer
DA:1,1
DA:2,1
DA:3,1
DA:4,1
DA:5,1
DA:6,1
DA:7,1
DA:8,1
DA:9,1
DA:10,1
DA:11,1
DA:12,1
DA:13,1
DA:14,1
DA:15,1
DA:16,1
DA:17,1
DA:18,1
DA:19,1
DA:20,1
DA:21,1
DA:22,1
DA:23,1
DA:24,1
DA:25,1
DA:26,1
DA:27,1
DA:28,1
DA:29,1
DA:30,1
LF:30
LH:30
BRDA:20,0,0,1
BRDA:23,1,0,1
BRDA:7,2,0,1
BRDA:14,3,0,1
BRDA:16,4,0,1
BRDA:17,5,0,1
BRDA:18,6,0,1
BRDA:19,7,0,1
BRF:8
BRH:8
end_of_record
TN:
SF:packages\server\src\entities\schemas\Card.ts
FN:13,Card
FNF:1
FNH:1
FNDA:105,Card
DA:1,1
DA:2,1
DA:3,1
DA:4,1
DA:5,1
DA:6,1
DA:7,1
DA:8,1
DA:9,0
DA:10,0
DA:11,1
DA:12,1
DA:13,1
DA:14,105
DA:15,105
DA:16,105
DA:17,105
DA:18,105
DA:19,105
DA:20,105
DA:21,105
DA:22,105
DA:23,1
LF:23
LH:21
BRDA:11,0,0,1
BRDA:13,1,0,105
BRDA:13,2,0,0
BRF:3
BRH:2
end_of_record
TN:
SF:packages\server\src\entities\schemas\CardValue.ts
FN:5,CardValue
FN:7,get
FNF:2
FNH:2
FNDA:210,CardValue
FNDA:1,get
DA:1,1
DA:2,1
DA:3,1
DA:4,1
DA:5,1
DA:6,1
DA:7,1
DA:8,1
DA:9,1
DA:10,0
DA:11,0
DA:12,1
LF:12
LH:10
BRDA:5,0,0,1
BRDA:5,1,0,210
BRDA:5,2,0,0
BRDA:7,3,0,1
BRDA:8,4,0,0
BRDA:9,5,0,0
BRF:6
BRH:3
end_of_record
TN:
SF:packages\server\src\entities\schemas\Deck.ts
FN:8,Deck
FN:14,initializeDeck
FN:30,shuffle
FN:38,getDeckSize
FN:43,dealCard
FNF:5
FNH:4
FNDA:1,Deck
FNDA:2,initializeDeck
FNDA:1,shuffle
FNDA:0,getDeckSize
FNDA:1,dealCard
DA:1,1
DA:2,1
DA:3,1
DA:4,1
DA:5,1
DA:6,1
DA:7,1
DA:8,1
DA:9,1
DA:10,1
DA:11,1
DA:12,1
DA:13,1
DA:14,1
DA:15,2
DA:16,8
DA:17,104
DA:18,104
DA:19,104
DA:20,104
DA:21,104
DA:22,104
DA:23,104
DA:24,104
DA:25,104
DA:26,8
DA:27,2
DA:28,1
DA:29,1
DA:30,1
DA:31,1
DA:32,103
DA:33,103
DA:34,103
DA:35,1
DA:36,1
DA:37,1
DA:38,1
DA:39,0
DA:40,0
DA:41,1
DA:42,1
DA:43,1
DA:44,1
DA:45,1
DA:46,1
LF:46
LH:44
BRDA:5,0,0,1
BRDA:8,1,0,1
BRDA:14,2,0,2
BRDA:15,3,0,8
BRDA:16,4,0,104
BRDA:30,5,0,1
BRDA:31,6,0,103
BRDA:43,7,0,1
BRF:8
BRH:8
end_of_record
TN:
SF:packages\server\src\entities\schemas\Hand.ts
FN:9,Hand
FN:11,addCard
FN:21,clear
FN:26,clearScore
FN:32,calculateScore
FN:5,initializer
FN:7,initializer
FN:8,initializer
FNF:8
FNH:6
FNDA:2,Hand
FNDA:1,addCard
FNDA:0,clear
FNDA:0,clearScore
FNDA:1,calculateScore
FNDA:2,initializer
FNDA:2,initializer
FNDA:2,initializer
DA:1,1
DA:2,1
DA:3,1
DA:4,1
DA:5,1
DA:6,2
DA:7,2
DA:8,2
DA:9,2
DA:10,1
DA:11,1
DA:12,1
DA:13,1
DA:14,0
DA:15,0
DA:16,1
DA:17,1
DA:18,1
DA:19,1
DA:20,1
DA:21,1
DA:22,0
DA:23,0
DA:24,0
DA:25,1
DA:26,1
DA:27,0
DA:28,0
DA:29,0
DA:30,0
DA:31,1
DA:32,1
DA:33,1
DA:34,1
DA:35,1
DA:36,1
DA:37,1
DA:38,1
DA:39,0
DA:40,0
DA:41,0
DA:42,1
DA:43,1
DA:44,1
DA:45,1
DA:46,1
DA:47,1
LF:47
LH:35
BRDA:9,0,0,1
BRDA:9,1,0,2
BRDA:9,2,0,0
BRDA:11,3,0,1
BRDA:13,4,0,0
BRDA:17,5,0,0
BRDA:32,6,0,1
BRDA:38,7,0,0
BRDA:38,8,0,0
BRDA:44,9,0,0
BRDA:34,10,0,1
BRDA:37,11,0,1
BRDA:5,12,0,2
BRDA:7,13,0,2
BRDA:8,14,0,2
BRF:15
BRH:9
end_of_record
TN:
SF:packages\server\src\entities\schemas\HandlePlayerAction.ts
FN:6,PlayerActionHandler
FN:7,hit
FN:22,stand
FNF:3
FNH:1
FNDA:0,PlayerActionHandler
FNDA:1,hit
FNDA:0,stand
DA:1,1
DA:2,1
DA:3,1
DA:4,1
DA:5,1
DA:6,1
DA:7,1
DA:8,1
DA:9,1
DA:10,1
DA:11,1
DA:12,1
DA:13,1
DA:14,1
DA:15,1
DA:16,1
DA:17,1
DA:18,1
DA:19,1
DA:20,1
DA:21,1
DA:22,1
DA:23,0
DA:24,0
DA:25,1
DA:26,1
DA:27,1
DA:28,1
LF:28
LH:26
BRDA:6,0,0,1
BRDA:7,1,0,1
BRDA:14,2,0,0
BRDA:15,3,0,0
BRF:4
BRH:2
end_of_record
TN:
SF:packages\server\src\entities\schemas\availableValues.ts
FN:4,getRandomArrayItem
FNF:1
FNH:1
FNDA:210,getRandomArrayItem
DA:1,1
DA:2,1
DA:3,1
DA:4,1
DA:5,210
DA:6,210
LF:6
LH:6
BRDA:4,0,0,210
BRF:1
BRH:1
end_of_record
